Replace Symbol from IC1 AD8065ARZ in G:\(C) Admin\Altium (beta)\ECG circuit\AD8065_circuit.SchDoc with AD8065ARZ from SamacSys.SchLib
Replace Symbol from IC2 LT1920IS8#PBF in G:\(C) Admin\Altium (beta)\ECG circuit\AD8065_circuit.SchDoc with LT1920IS8#PBF from SamacSys.SchLib
Replace Symbol from IC3 AD8065ARZ in G:\(C) Admin\Altium (beta)\ECG circuit\AD8065_circuit.SchDoc with AD8065ARZ from SamacSys.SchLib
Replace Symbol from P1 Pad in G:\(C) Admin\Altium (beta)\ECG circuit\AD8065_circuit.SchDoc with Pad from SamacSys.SchLib
Replace Symbol from P2 Pad in G:\(C) Admin\Altium (beta)\ECG circuit\AD8065_circuit.SchDoc with Pad from SamacSys.SchLib
Replace Symbol from P3 Pad in G:\(C) Admin\Altium (beta)\ECG circuit\AD8065_circuit.SchDoc with Pad from SamacSys.SchLib
Replace Symbol from P4 Pad in G:\(C) Admin\Altium (beta)\ECG circuit\AD8065_circuit.SchDoc with Pad from SamacSys.SchLib
Replace Symbol from P5 Pad in G:\(C) Admin\Altium (beta)\ECG circuit\AD8065_circuit.SchDoc with Pad from SamacSys.SchLib
Replace Symbol from P6 Pad in G:\(C) Admin\Altium (beta)\ECG circuit\AD8065_circuit.SchDoc with Pad from SamacSys.SchLib
Replace Symbol from P7 Pad in G:\(C) Admin\Altium (beta)\ECG circuit\AD8065_circuit.SchDoc with Pad from SamacSys.SchLib
Replace Symbol from P8 Pad in G:\(C) Admin\Altium (beta)\ECG circuit\AD8065_circuit.SchDoc with Pad from SamacSys.SchLib
Replace Symbol from P9 Pad in G:\(C) Admin\Altium (beta)\ECG circuit\AD8065_circuit.SchDoc with Pad from SamacSys.SchLib
Replace Symbol from P10 Pad in G:\(C) Admin\Altium (beta)\ECG circuit\AD8065_circuit.SchDoc with Pad from SamacSys.SchLib
Replace Symbol from P11 Pad in G:\(C) Admin\Altium (beta)\ECG circuit\AD8065_circuit.SchDoc with Pad from SamacSys.SchLib
Replace Symbol from R1 RH73X2A10GNTN in G:\(C) Admin\Altium (beta)\ECG circuit\AD8065_circuit.SchDoc with RH73X2A10GNTN from SamacSys.SchLib
Replace Symbol from R2 RH73X2A10GNTN in G:\(C) Admin\Altium (beta)\ECG circuit\AD8065_circuit.SchDoc with RH73X2A10GNTN from SamacSys.SchLib
Replace Symbol from R3 RH73X2A10GNTN in G:\(C) Admin\Altium (beta)\ECG circuit\AD8065_circuit.SchDoc with RH73X2A10GNTN from SamacSys.SchLib
Replace Symbol from R4 RH73X2A10GNTN in G:\(C) Admin\Altium (beta)\ECG circuit\AD8065_circuit.SchDoc with RH73X2A10GNTN from SamacSys.SchLib
Replace Symbol from R5 RH73X2A10GNTN in G:\(C) Admin\Altium (beta)\ECG circuit\AD8065_circuit.SchDoc with RH73X2A10GNTN from SamacSys.SchLib
Replace Symbol from R6 RH73X2A10GNTN in G:\(C) Admin\Altium (beta)\ECG circuit\AD8065_circuit.SchDoc with RH73X2A10GNTN from SamacSys.SchLib
Replace Symbol from R7 RH73X2A10GNTN in G:\(C) Admin\Altium (beta)\ECG circuit\AD8065_circuit.SchDoc with RH73X2A10GNTN from SamacSys.SchLib
Replace Symbol from R8 RH73X2A10GNTN in G:\(C) Admin\Altium (beta)\ECG circuit\AD8065_circuit.SchDoc with RH73X2A10GNTN from SamacSys.SchLib
Replace Symbol from R9 RH73X2A10GNTN in G:\(C) Admin\Altium (beta)\ECG circuit\AD8065_circuit.SchDoc with RH73X2A10GNTN from SamacSys.SchLib
Replace Symbol from R10 RH73X2A10GNTN in G:\(C) Admin\Altium (beta)\ECG circuit\AD8065_circuit.SchDoc with RH73X2A10GNTN from SamacSys.SchLib
Replace Symbol from R11 RH73X2A10GNTN in G:\(C) Admin\Altium (beta)\ECG circuit\AD8065_circuit.SchDoc with RH73X2A10GNTN from SamacSys.SchLib
Replace Symbol from R12 RH73X2A10GNTN in G:\(C) Admin\Altium (beta)\ECG circuit\AD8065_circuit.SchDoc with RH73X2A10GNTN from SamacSys.SchLib
Replace Symbol from R13 RH73X2A10GNTN in G:\(C) Admin\Altium (beta)\ECG circuit\AD8065_circuit.SchDoc with RH73X2A10GNTN from SamacSys.SchLib
Replace Symbol from R14 RH73X2A10GNTN in G:\(C) Admin\Altium (beta)\ECG circuit\AD8065_circuit.SchDoc with RH73X2A10GNTN from SamacSys.SchLib
Replace Symbol from S1 452403012014 in G:\(C) Admin\Altium (beta)\ECG circuit\AD8065_circuit.SchDoc with 452403012014 from SamacSys.SchLib
Replace Symbol from S2 CS-4-12YA in G:\(C) Admin\Altium (beta)\ECG circuit\AD8065_circuit.SchDoc with CS-4-12YA from SamacSys.SchLib
Replace Symbol from S3 CS-7-14TB in G:\(C) Admin\Altium (beta)\ECG circuit\AD8065_circuit.SchDoc with CS-7-14TB from SamacSys.SchLib
Replace Symbol from S4 CS-7-14TB in G:\(C) Admin\Altium (beta)\ECG circuit\AD8065_circuit.SchDoc with CS-7-14TB from SamacSys.SchLib
