Added Component: Designator=IC4(SOIC127P599X175-8N)
Add component (AddParameter): Name = "Arrow Part Number"; Value = "LTC6268IS8-10#PBF"; VariantName = "[No Variations]"
Add component (AddParameter): Name = "Arrow Price/Stock"; Value = "https://www.arrow.com/en/products/ltc6268is8-10pbf/analog-devices?region=nac"; VariantName = "[No Variations]"
Add component (AddParameter): Name = "Datasheet Link"; Value = "https://datasheet.datasheetarchive.com/originals/distributors/Datasheets_SAMA/eb0bf5824ac521a4901f543e1202dae7.pdf"; VariantName = "[No Variations]"
Add component (AddParameter): Name = "Height"; Value = "1.752mm"; VariantName = "[No Variations]"
Add component (AddParameter): Name = "Manufacturer_Name"; Value = "Analog Devices"; VariantName = "[No Variations]"
Add component (AddParameter): Name = "Manufacturer_Part_Number"; Value = "LTC6268IS8-10#PBF"; VariantName = "[No Variations]"
Add component (AddParameter): Name = "Mouser Part Number"; Value = "584-LTC6268IS8-10PBF"; VariantName = "[No Variations]"
Add component (AddParameter): Name = "Mouser Price/Stock"; Value = "https://www.mouser.co.uk/ProductDetail/Analog-Devices/LTC6268IS8-10PBF?qs=oahfZPh6IAJW%252BkNj5oLlfA%3D%3D"; VariantName = "[No Variations]"
Added Component: Designator=IC5(SOIC127P599X175-8N)
Add component (AddParameter): Name = "Arrow Part Number"; Value = "LT1920IS8#PBF"; VariantName = "[No Variations]"
Add component (AddParameter): Name = "Arrow Price/Stock"; Value = "https://www.arrow.com/en/products/lt1920is8pbf/analog-devices?region=nac"; VariantName = "[No Variations]"
Add component (AddParameter): Name = "Datasheet Link"; Value = "https://datasheet.datasheetarchive.com/originals/distributors/SFDatasheet-4/sf-00091026.pdf"; VariantName = "[No Variations]"
Add component (AddParameter): Name = "Height"; Value = "1.752mm"; VariantName = "[No Variations]"
Add component (AddParameter): Name = "Manufacturer_Name"; Value = "Analog Devices"; VariantName = "[No Variations]"
Add component (AddParameter): Name = "Manufacturer_Part_Number"; Value = "LT1920IS8#PBF"; VariantName = "[No Variations]"
Add component (AddParameter): Name = "Mouser Part Number"; Value = "584-LT1920IS8#PBF"; VariantName = "[No Variations]"
Add component (AddParameter): Name = "Mouser Price/Stock"; Value = "https://www.mouser.co.uk/ProductDetail/Analog-Devices/LT1920IS8PBF?qs=ytflclh7QUWOSod6PqfjSg%3D%3D"; VariantName = "[No Variations]"
Added Component: Designator=IC6(SOIC127P599X175-8N)
Add component (AddParameter): Name = "Arrow Part Number"; Value = "LTC6268IS8-10#PBF"; VariantName = "[No Variations]"
Add component (AddParameter): Name = "Arrow Price/Stock"; Value = "https://www.arrow.com/en/products/ltc6268is8-10pbf/analog-devices?region=nac"; VariantName = "[No Variations]"
Add component (AddParameter): Name = "Datasheet Link"; Value = "https://datasheet.datasheetarchive.com/originals/distributors/Datasheets_SAMA/eb0bf5824ac521a4901f543e1202dae7.pdf"; VariantName = "[No Variations]"
Add component (AddParameter): Name = "Height"; Value = "1.752mm"; VariantName = "[No Variations]"
Add component (AddParameter): Name = "Manufacturer_Name"; Value = "Analog Devices"; VariantName = "[No Variations]"
Add component (AddParameter): Name = "Manufacturer_Part_Number"; Value = "LTC6268IS8-10#PBF"; VariantName = "[No Variations]"
Add component (AddParameter): Name = "Mouser Part Number"; Value = "584-LTC6268IS8-10PBF"; VariantName = "[No Variations]"
Add component (AddParameter): Name = "Mouser Price/Stock"; Value = "https://www.mouser.co.uk/ProductDetail/Analog-Devices/LTC6268IS8-10PBF?qs=oahfZPh6IAJW%252BkNj5oLlfA%3D%3D"; VariantName = "[No Variations]"
Added Component: Designator=P15(Pad)
Added Component: Designator=P16(Pad)
Added Component: Designator=P17(Pad)
Added Component: Designator=P18(Pad)
Added Component: Designator=P19(Pad)
Added Component: Designator=P20(Pad)
Added Component: Designator=P21(Pad)
Added Component: Designator=P22(Pad)
Added Component: Designator=P23(Pad)
Added Component: Designator=P24(Pad)
Added Component: Designator=P25(Pad)
Added Component: Designator=P26(Pad)
Added Component: Designator=P27(Pad)
Added Component: Designator=P28(Pad)
Added Component: Designator=R15(RESC2013X50N)
Add component (AddParameter): Name = "Arrow Part Number"; Value = "RH73X2A10GNTN"; VariantName = "[No Variations]"
Add component (AddParameter): Name = "Arrow Price/Stock"; Value = "https://www.arrow.com/en/products/rh73x2a10gntn/te-connectivity?region=nac"; VariantName = "[No Variations]"
Add component (AddParameter): Name = "Datasheet Link"; Value = "https://ms.componentsearchengine.com/Datasheets/2/RH73X2A10GNTN.pdf"; VariantName = "[No Variations]"
Add component (AddParameter): Name = "Height"; Value = "0.5mm"; VariantName = "[No Variations]"
Add component (AddParameter): Name = "Manufacturer_Name"; Value = "TE Connectivity"; VariantName = "[No Variations]"
Add component (AddParameter): Name = "Manufacturer_Part_Number"; Value = "RH73X2A10GNTN"; VariantName = "[No Variations]"
Add component (AddParameter): Name = "Mouser Part Number"; Value = "279-RH73X2A10GNTN"; VariantName = "[No Variations]"
Add component (AddParameter): Name = "Mouser Price/Stock"; Value = "https://www.mouser.co.uk/ProductDetail/TE-Connectivity-Holsworthy/RH73X2A10GNTN?qs=ip69W3eHERU7YDrLGqSvdQ%3D%3D"; VariantName = "[No Variations]"
Added Component: Designator=R16(RESC2013X50N)
Add component (AddParameter): Name = "Arrow Part Number"; Value = "RH73X2A10GNTN"; VariantName = "[No Variations]"
Add component (AddParameter): Name = "Arrow Price/Stock"; Value = "https://www.arrow.com/en/products/rh73x2a10gntn/te-connectivity?region=nac"; VariantName = "[No Variations]"
Add component (AddParameter): Name = "Datasheet Link"; Value = "https://ms.componentsearchengine.com/Datasheets/2/RH73X2A10GNTN.pdf"; VariantName = "[No Variations]"
Add component (AddParameter): Name = "Height"; Value = "0.5mm"; VariantName = "[No Variations]"
Add component (AddParameter): Name = "Manufacturer_Name"; Value = "TE Connectivity"; VariantName = "[No Variations]"
Add component (AddParameter): Name = "Manufacturer_Part_Number"; Value = "RH73X2A10GNTN"; VariantName = "[No Variations]"
Add component (AddParameter): Name = "Mouser Part Number"; Value = "279-RH73X2A10GNTN"; VariantName = "[No Variations]"
Add component (AddParameter): Name = "Mouser Price/Stock"; Value = "https://www.mouser.co.uk/ProductDetail/TE-Connectivity-Holsworthy/RH73X2A10GNTN?qs=ip69W3eHERU7YDrLGqSvdQ%3D%3D"; VariantName = "[No Variations]"
Added Component: Designator=R17(RESC2013X50N)
Add component (AddParameter): Name = "Arrow Part Number"; Value = "RH73X2A10GNTN"; VariantName = "[No Variations]"
Add component (AddParameter): Name = "Arrow Price/Stock"; Value = "https://www.arrow.com/en/products/rh73x2a10gntn/te-connectivity?region=nac"; VariantName = "[No Variations]"
Add component (AddParameter): Name = "Datasheet Link"; Value = "https://ms.componentsearchengine.com/Datasheets/2/RH73X2A10GNTN.pdf"; VariantName = "[No Variations]"
Add component (AddParameter): Name = "Height"; Value = "0.5mm"; VariantName = "[No Variations]"
Add component (AddParameter): Name = "Manufacturer_Name"; Value = "TE Connectivity"; VariantName = "[No Variations]"
Add component (AddParameter): Name = "Manufacturer_Part_Number"; Value = "RH73X2A10GNTN"; VariantName = "[No Variations]"
Add component (AddParameter): Name = "Mouser Part Number"; Value = "279-RH73X2A10GNTN"; VariantName = "[No Variations]"
Add component (AddParameter): Name = "Mouser Price/Stock"; Value = "https://www.mouser.co.uk/ProductDetail/TE-Connectivity-Holsworthy/RH73X2A10GNTN?qs=ip69W3eHERU7YDrLGqSvdQ%3D%3D"; VariantName = "[No Variations]"
Added Component: Designator=R18(RESC2013X50N)
Add component (AddParameter): Name = "Arrow Part Number"; Value = "RH73X2A10GNTN"; VariantName = "[No Variations]"
Add component (AddParameter): Name = "Arrow Price/Stock"; Value = "https://www.arrow.com/en/products/rh73x2a10gntn/te-connectivity?region=nac"; VariantName = "[No Variations]"
Add component (AddParameter): Name = "Datasheet Link"; Value = "https://ms.componentsearchengine.com/Datasheets/2/RH73X2A10GNTN.pdf"; VariantName = "[No Variations]"
Add component (AddParameter): Name = "Height"; Value = "0.5mm"; VariantName = "[No Variations]"
Add component (AddParameter): Name = "Manufacturer_Name"; Value = "TE Connectivity"; VariantName = "[No Variations]"
Add component (AddParameter): Name = "Manufacturer_Part_Number"; Value = "RH73X2A10GNTN"; VariantName = "[No Variations]"
Add component (AddParameter): Name = "Mouser Part Number"; Value = "279-RH73X2A10GNTN"; VariantName = "[No Variations]"
Add component (AddParameter): Name = "Mouser Price/Stock"; Value = "https://www.mouser.co.uk/ProductDetail/TE-Connectivity-Holsworthy/RH73X2A10GNTN?qs=ip69W3eHERU7YDrLGqSvdQ%3D%3D"; VariantName = "[No Variations]"
Added Component: Designator=R19(RESC2013X50N)
Add component (AddParameter): Name = "Arrow Part Number"; Value = "RH73X2A10GNTN"; VariantName = "[No Variations]"
Add component (AddParameter): Name = "Arrow Price/Stock"; Value = "https://www.arrow.com/en/products/rh73x2a10gntn/te-connectivity?region=nac"; VariantName = "[No Variations]"
Add component (AddParameter): Name = "Datasheet Link"; Value = "https://ms.componentsearchengine.com/Datasheets/2/RH73X2A10GNTN.pdf"; VariantName = "[No Variations]"
Add component (AddParameter): Name = "Height"; Value = "0.5mm"; VariantName = "[No Variations]"
Add component (AddParameter): Name = "Manufacturer_Name"; Value = "TE Connectivity"; VariantName = "[No Variations]"
Add component (AddParameter): Name = "Manufacturer_Part_Number"; Value = "RH73X2A10GNTN"; VariantName = "[No Variations]"
Add component (AddParameter): Name = "Mouser Part Number"; Value = "279-RH73X2A10GNTN"; VariantName = "[No Variations]"
Add component (AddParameter): Name = "Mouser Price/Stock"; Value = "https://www.mouser.co.uk/ProductDetail/TE-Connectivity-Holsworthy/RH73X2A10GNTN?qs=ip69W3eHERU7YDrLGqSvdQ%3D%3D"; VariantName = "[No Variations]"
Added Component: Designator=R20(RESC2013X50N)
Add component (AddParameter): Name = "Arrow Part Number"; Value = "RH73X2A10GNTN"; VariantName = "[No Variations]"
Add component (AddParameter): Name = "Arrow Price/Stock"; Value = "https://www.arrow.com/en/products/rh73x2a10gntn/te-connectivity?region=nac"; VariantName = "[No Variations]"
Add component (AddParameter): Name = "Datasheet Link"; Value = "https://ms.componentsearchengine.com/Datasheets/2/RH73X2A10GNTN.pdf"; VariantName = "[No Variations]"
Add component (AddParameter): Name = "Height"; Value = "0.5mm"; VariantName = "[No Variations]"
Add component (AddParameter): Name = "Manufacturer_Name"; Value = "TE Connectivity"; VariantName = "[No Variations]"
Add component (AddParameter): Name = "Manufacturer_Part_Number"; Value = "RH73X2A10GNTN"; VariantName = "[No Variations]"
Add component (AddParameter): Name = "Mouser Part Number"; Value = "279-RH73X2A10GNTN"; VariantName = "[No Variations]"
Add component (AddParameter): Name = "Mouser Price/Stock"; Value = "https://www.mouser.co.uk/ProductDetail/TE-Connectivity-Holsworthy/RH73X2A10GNTN?qs=ip69W3eHERU7YDrLGqSvdQ%3D%3D"; VariantName = "[No Variations]"
Added Component: Designator=R21(RESC2013X50N)
Add component (AddParameter): Name = "Arrow Part Number"; Value = "RH73X2A10GNTN"; VariantName = "[No Variations]"
Add component (AddParameter): Name = "Arrow Price/Stock"; Value = "https://www.arrow.com/en/products/rh73x2a10gntn/te-connectivity?region=nac"; VariantName = "[No Variations]"
Add component (AddParameter): Name = "Datasheet Link"; Value = "https://ms.componentsearchengine.com/Datasheets/2/RH73X2A10GNTN.pdf"; VariantName = "[No Variations]"
Add component (AddParameter): Name = "Height"; Value = "0.5mm"; VariantName = "[No Variations]"
Add component (AddParameter): Name = "Manufacturer_Name"; Value = "TE Connectivity"; VariantName = "[No Variations]"
Add component (AddParameter): Name = "Manufacturer_Part_Number"; Value = "RH73X2A10GNTN"; VariantName = "[No Variations]"
Add component (AddParameter): Name = "Mouser Part Number"; Value = "279-RH73X2A10GNTN"; VariantName = "[No Variations]"
Add component (AddParameter): Name = "Mouser Price/Stock"; Value = "https://www.mouser.co.uk/ProductDetail/TE-Connectivity-Holsworthy/RH73X2A10GNTN?qs=ip69W3eHERU7YDrLGqSvdQ%3D%3D"; VariantName = "[No Variations]"
Added Component: Designator=R22(RESC2013X50N)
Add component (AddParameter): Name = "Arrow Part Number"; Value = "RH73X2A10GNTN"; VariantName = "[No Variations]"
Add component (AddParameter): Name = "Arrow Price/Stock"; Value = "https://www.arrow.com/en/products/rh73x2a10gntn/te-connectivity?region=nac"; VariantName = "[No Variations]"
Add component (AddParameter): Name = "Datasheet Link"; Value = "https://ms.componentsearchengine.com/Datasheets/2/RH73X2A10GNTN.pdf"; VariantName = "[No Variations]"
Add component (AddParameter): Name = "Height"; Value = "0.5mm"; VariantName = "[No Variations]"
Add component (AddParameter): Name = "Manufacturer_Name"; Value = "TE Connectivity"; VariantName = "[No Variations]"
Add component (AddParameter): Name = "Manufacturer_Part_Number"; Value = "RH73X2A10GNTN"; VariantName = "[No Variations]"
Add component (AddParameter): Name = "Mouser Part Number"; Value = "279-RH73X2A10GNTN"; VariantName = "[No Variations]"
Add component (AddParameter): Name = "Mouser Price/Stock"; Value = "https://www.mouser.co.uk/ProductDetail/TE-Connectivity-Holsworthy/RH73X2A10GNTN?qs=ip69W3eHERU7YDrLGqSvdQ%3D%3D"; VariantName = "[No Variations]"
Added Component: Designator=R23(RESC2013X50N)
Add component (AddParameter): Name = "Arrow Part Number"; Value = "RH73X2A10GNTN"; VariantName = "[No Variations]"
Add component (AddParameter): Name = "Arrow Price/Stock"; Value = "https://www.arrow.com/en/products/rh73x2a10gntn/te-connectivity?region=nac"; VariantName = "[No Variations]"
Add component (AddParameter): Name = "Datasheet Link"; Value = "https://ms.componentsearchengine.com/Datasheets/2/RH73X2A10GNTN.pdf"; VariantName = "[No Variations]"
Add component (AddParameter): Name = "Height"; Value = "0.5mm"; VariantName = "[No Variations]"
Add component (AddParameter): Name = "Manufacturer_Name"; Value = "TE Connectivity"; VariantName = "[No Variations]"
Add component (AddParameter): Name = "Manufacturer_Part_Number"; Value = "RH73X2A10GNTN"; VariantName = "[No Variations]"
Add component (AddParameter): Name = "Mouser Part Number"; Value = "279-RH73X2A10GNTN"; VariantName = "[No Variations]"
Add component (AddParameter): Name = "Mouser Price/Stock"; Value = "https://www.mouser.co.uk/ProductDetail/TE-Connectivity-Holsworthy/RH73X2A10GNTN?qs=ip69W3eHERU7YDrLGqSvdQ%3D%3D"; VariantName = "[No Variations]"
Added Component: Designator=R24(RESC2013X50N)
Add component (AddParameter): Name = "Arrow Part Number"; Value = "RH73X2A10GNTN"; VariantName = "[No Variations]"
Add component (AddParameter): Name = "Arrow Price/Stock"; Value = "https://www.arrow.com/en/products/rh73x2a10gntn/te-connectivity?region=nac"; VariantName = "[No Variations]"
Add component (AddParameter): Name = "Datasheet Link"; Value = "https://ms.componentsearchengine.com/Datasheets/2/RH73X2A10GNTN.pdf"; VariantName = "[No Variations]"
Add component (AddParameter): Name = "Height"; Value = "0.5mm"; VariantName = "[No Variations]"
Add component (AddParameter): Name = "Manufacturer_Name"; Value = "TE Connectivity"; VariantName = "[No Variations]"
Add component (AddParameter): Name = "Manufacturer_Part_Number"; Value = "RH73X2A10GNTN"; VariantName = "[No Variations]"
Add component (AddParameter): Name = "Mouser Part Number"; Value = "279-RH73X2A10GNTN"; VariantName = "[No Variations]"
Add component (AddParameter): Name = "Mouser Price/Stock"; Value = "https://www.mouser.co.uk/ProductDetail/TE-Connectivity-Holsworthy/RH73X2A10GNTN?qs=ip69W3eHERU7YDrLGqSvdQ%3D%3D"; VariantName = "[No Variations]"
Added Component: Designator=R25(RESC2013X50N)
Add component (AddParameter): Name = "Arrow Part Number"; Value = "RH73X2A10GNTN"; VariantName = "[No Variations]"
Add component (AddParameter): Name = "Arrow Price/Stock"; Value = "https://www.arrow.com/en/products/rh73x2a10gntn/te-connectivity?region=nac"; VariantName = "[No Variations]"
Add component (AddParameter): Name = "Datasheet Link"; Value = "https://ms.componentsearchengine.com/Datasheets/2/RH73X2A10GNTN.pdf"; VariantName = "[No Variations]"
Add component (AddParameter): Name = "Height"; Value = "0.5mm"; VariantName = "[No Variations]"
Add component (AddParameter): Name = "Manufacturer_Name"; Value = "TE Connectivity"; VariantName = "[No Variations]"
Add component (AddParameter): Name = "Manufacturer_Part_Number"; Value = "RH73X2A10GNTN"; VariantName = "[No Variations]"
Add component (AddParameter): Name = "Mouser Part Number"; Value = "279-RH73X2A10GNTN"; VariantName = "[No Variations]"
Add component (AddParameter): Name = "Mouser Price/Stock"; Value = "https://www.mouser.co.uk/ProductDetail/TE-Connectivity-Holsworthy/RH73X2A10GNTN?qs=ip69W3eHERU7YDrLGqSvdQ%3D%3D"; VariantName = "[No Variations]"
Added Component: Designator=R26(RESC2013X50N)
Add component (AddParameter): Name = "Arrow Part Number"; Value = "RH73X2A10GNTN"; VariantName = "[No Variations]"
Add component (AddParameter): Name = "Arrow Price/Stock"; Value = "https://www.arrow.com/en/products/rh73x2a10gntn/te-connectivity?region=nac"; VariantName = "[No Variations]"
Add component (AddParameter): Name = "Datasheet Link"; Value = "https://ms.componentsearchengine.com/Datasheets/2/RH73X2A10GNTN.pdf"; VariantName = "[No Variations]"
Add component (AddParameter): Name = "Height"; Value = "0.5mm"; VariantName = "[No Variations]"
Add component (AddParameter): Name = "Manufacturer_Name"; Value = "TE Connectivity"; VariantName = "[No Variations]"
Add component (AddParameter): Name = "Manufacturer_Part_Number"; Value = "RH73X2A10GNTN"; VariantName = "[No Variations]"
Add component (AddParameter): Name = "Mouser Part Number"; Value = "279-RH73X2A10GNTN"; VariantName = "[No Variations]"
Add component (AddParameter): Name = "Mouser Price/Stock"; Value = "https://www.mouser.co.uk/ProductDetail/TE-Connectivity-Holsworthy/RH73X2A10GNTN?qs=ip69W3eHERU7YDrLGqSvdQ%3D%3D"; VariantName = "[No Variations]"
Added Component: Designator=R27(RESC2013X50N)
Add component (AddParameter): Name = "Arrow Part Number"; Value = "RH73X2A10GNTN"; VariantName = "[No Variations]"
Add component (AddParameter): Name = "Arrow Price/Stock"; Value = "https://www.arrow.com/en/products/rh73x2a10gntn/te-connectivity?region=nac"; VariantName = "[No Variations]"
Add component (AddParameter): Name = "Datasheet Link"; Value = "https://ms.componentsearchengine.com/Datasheets/2/RH73X2A10GNTN.pdf"; VariantName = "[No Variations]"
Add component (AddParameter): Name = "Height"; Value = "0.5mm"; VariantName = "[No Variations]"
Add component (AddParameter): Name = "Manufacturer_Name"; Value = "TE Connectivity"; VariantName = "[No Variations]"
Add component (AddParameter): Name = "Manufacturer_Part_Number"; Value = "RH73X2A10GNTN"; VariantName = "[No Variations]"
Add component (AddParameter): Name = "Mouser Part Number"; Value = "279-RH73X2A10GNTN"; VariantName = "[No Variations]"
Add component (AddParameter): Name = "Mouser Price/Stock"; Value = "https://www.mouser.co.uk/ProductDetail/TE-Connectivity-Holsworthy/RH73X2A10GNTN?qs=ip69W3eHERU7YDrLGqSvdQ%3D%3D"; VariantName = "[No Variations]"
Added Component: Designator=R28(RESC2013X50N)
Add component (AddParameter): Name = "Arrow Part Number"; Value = "RH73X2A10GNTN"; VariantName = "[No Variations]"
Add component (AddParameter): Name = "Arrow Price/Stock"; Value = "https://www.arrow.com/en/products/rh73x2a10gntn/te-connectivity?region=nac"; VariantName = "[No Variations]"
Add component (AddParameter): Name = "Datasheet Link"; Value = "https://ms.componentsearchengine.com/Datasheets/2/RH73X2A10GNTN.pdf"; VariantName = "[No Variations]"
Add component (AddParameter): Name = "Height"; Value = "0.5mm"; VariantName = "[No Variations]"
Add component (AddParameter): Name = "Manufacturer_Name"; Value = "TE Connectivity"; VariantName = "[No Variations]"
Add component (AddParameter): Name = "Manufacturer_Part_Number"; Value = "RH73X2A10GNTN"; VariantName = "[No Variations]"
Add component (AddParameter): Name = "Mouser Part Number"; Value = "279-RH73X2A10GNTN"; VariantName = "[No Variations]"
Add component (AddParameter): Name = "Mouser Price/Stock"; Value = "https://www.mouser.co.uk/ProductDetail/TE-Connectivity-Holsworthy/RH73X2A10GNTN?qs=ip69W3eHERU7YDrLGqSvdQ%3D%3D"; VariantName = "[No Variations]"
Added Component: Designator=S5(452403012014)
Add component (AddParameter): Name = "Arrow Part Number"; Value = ""; VariantName = "[No Variations]"
Add component (AddParameter): Name = "Arrow Price/Stock"; Value = ""; VariantName = "[No Variations]"
Add component (AddParameter): Name = "Datasheet Link"; Value = "https://katalog.we-online.de/em/datasheet/452403012014.pdf"; VariantName = "[No Variations]"
Add component (AddParameter): Name = "Height"; Value = "3.3mm"; VariantName = "[No Variations]"
Add component (AddParameter): Name = "Manufacturer_Name"; Value = "Wurth Elektronik"; VariantName = "[No Variations]"
Add component (AddParameter): Name = "Manufacturer_Part_Number"; Value = "452403012014"; VariantName = "[No Variations]"
Add component (AddParameter): Name = "Mouser Part Number"; Value = "710-452403012014"; VariantName = "[No Variations]"
Add component (AddParameter): Name = "Mouser Price/Stock"; Value = "https://www.mouser.co.uk/ProductDetail/Wurth-Elektronik/452403012014?qs=DvsTirrhYfOi0QxHyAEO3w%3D%3D"; VariantName = "[No Variations]"
Added Component: Designator=S6(CS412YA)
Add component (AddParameter): Name = "Arrow Part Number"; Value = ""; VariantName = "[No Variations]"
Add component (AddParameter): Name = "Arrow Price/Stock"; Value = ""; VariantName = "[No Variations]"
Add component (AddParameter): Name = "Datasheet Link"; Value = "https://www.nidec-copal-electronics.com/j/product/detail/00000197/"; VariantName = "[No Variations]"
Add component (AddParameter): Name = "Height"; Value = "2.6mm"; VariantName = "[No Variations]"
Add component (AddParameter): Name = "Manufacturer_Name"; Value = "NIDEC COPAL"; VariantName = "[No Variations]"
Add component (AddParameter): Name = "Manufacturer_Part_Number"; Value = "CS-4-12YA"; VariantName = "[No Variations]"
Add component (AddParameter): Name = "Mouser Part Number"; Value = ""; VariantName = "[No Variations]"
Add component (AddParameter): Name = "Mouser Price/Stock"; Value = ""; VariantName = "[No Variations]"
Added Component: Designator=S7(SOP254P1000X405-6N)
Add component (AddParameter): Name = "Arrow Part Number"; Value = ""; VariantName = "[No Variations]"
Add component (AddParameter): Name = "Arrow Price/Stock"; Value = ""; VariantName = "[No Variations]"
Add component (AddParameter): Name = "Datasheet Link"; Value = "https://www.nidec-copal-electronics.com/e/catalog/switch/cs-7.pdf"; VariantName = "[No Variations]"
Add component (AddParameter): Name = "Height"; Value = "4.05mm"; VariantName = "[No Variations]"
Add component (AddParameter): Name = "Manufacturer_Name"; Value = "Copal Electronics"; VariantName = "[No Variations]"
Add component (AddParameter): Name = "Manufacturer_Part_Number"; Value = "CS-7-14TB"; VariantName = "[No Variations]"
Add component (AddParameter): Name = "Mouser Part Number"; Value = ""; VariantName = "[No Variations]"
Add component (AddParameter): Name = "Mouser Price/Stock"; Value = ""; VariantName = "[No Variations]"
Added Component: Designator=S8(SOP254P1000X405-6N)
Add component (AddParameter): Name = "Arrow Part Number"; Value = ""; VariantName = "[No Variations]"
Add component (AddParameter): Name = "Arrow Price/Stock"; Value = ""; VariantName = "[No Variations]"
Add component (AddParameter): Name = "Datasheet Link"; Value = "https://www.nidec-copal-electronics.com/e/catalog/switch/cs-7.pdf"; VariantName = "[No Variations]"
Add component (AddParameter): Name = "Height"; Value = "4.05mm"; VariantName = "[No Variations]"
Add component (AddParameter): Name = "Manufacturer_Name"; Value = "Copal Electronics"; VariantName = "[No Variations]"
Add component (AddParameter): Name = "Manufacturer_Part_Number"; Value = "CS-7-14TB"; VariantName = "[No Variations]"
Add component (AddParameter): Name = "Mouser Part Number"; Value = ""; VariantName = "[No Variations]"
Add component (AddParameter): Name = "Mouser Price/Stock"; Value = ""; VariantName = "[No Variations]"
Added Pin To Net: NetName=1st Res (1) Pin=IC4-2
Added Pin To Net: NetName=Vin1 Pin=IC4-3
Added Pin To Net: NetName=1st Res (1) Pin=IC4-4
Added Pin To Net: NetName=-1.5V Pin=IC4-5
Added Pin To Net: NetName=Buffer (1) Pin=IC4-6
Added Pin To Net: NetName=+1.5V Pin=IC4-7
Added Pin To Net: NetName=2nd Res Pin=IC5-1
Added Pin To Net: NetName=Buffer (2) Pin=IC5-2
Added Pin To Net: NetName=Buffer (1) Pin=IC5-3
Added Pin To Net: NetName=-5V Pin=IC5-4
Added Pin To Net: NetName=GND Pin=IC5-5
Added Pin To Net: NetName=Vout Pin=IC5-6
Added Pin To Net: NetName=+5V Pin=IC5-7
Added Pin To Net: NetName=1st Res (2) Pin=IC6-2
Added Pin To Net: NetName=Vin2 Pin=IC6-3
Added Pin To Net: NetName=1st Res (2) Pin=IC6-4
Added Pin To Net: NetName=-1.5V Pin=IC6-5
Added Pin To Net: NetName=Buffer (2) Pin=IC6-6
Added Pin To Net: NetName=+1.5V Pin=IC6-7
Added Pin To Net: NetName=Vin1 Pin=P15-0
Added Pin To Net: NetName=Vin2 Pin=P16-0
Added Pin To Net: NetName=Vout Pin=P17-0
Added Pin To Net: NetName=+1.5V Pin=P18-0
Added Pin To Net: NetName=-1.5V Pin=P19-0
Added Pin To Net: NetName=+1.5V Pin=P20-0
Added Pin To Net: NetName=-1.5V Pin=P21-0
Added Pin To Net: NetName=GND Pin=P22-0
Added Pin To Net: NetName=+1.5V Pin=P23-0
Added Pin To Net: NetName=-1.5V Pin=P24-0
Added Pin To Net: NetName=GND Pin=P25-0
Added Pin To Net: NetName=+5V Pin=P26-0
Added Pin To Net: NetName=-5V Pin=P27-0
Added Pin To Net: NetName=GND Pin=P28-0
Added Pin To Net: NetName=10 amp (1) Pin=R15-1
Added Pin To Net: NetName=Buffer (1) Pin=R15-2
Added Pin To Net: NetName=10 amp (2nd) Pin=R16-1
Added Pin To Net: NetName=1st Res (1) Pin=R17-1
Added Pin To Net: NetName=GND Pin=R17-2
Added Pin To Net: NetName=100 amp (2nd) Pin=R18-1
Added Pin To Net: NetName=10 amp (2) Pin=R19-1
Added Pin To Net: NetName=Buffer (2) Pin=R19-2
Added Pin To Net: NetName=1st Res (2) Pin=R20-1
Added Pin To Net: NetName=GND Pin=R20-2
Added Pin To Net: NetName=Vin1 Pin=R21-1
Added Pin To Net: NetName=Vin1 Pin=R22-1
Added Pin To Net: NetName=Vin1 Pin=R23-1
Added Pin To Net: NetName=Vin1 Pin=R24-1
Added Pin To Net: NetName=Vin2 Pin=R25-1
Added Pin To Net: NetName=Vin2 Pin=R26-1
Added Pin To Net: NetName=Vin2 Pin=R27-1
Added Pin To Net: NetName=Vin2 Pin=R28-1
Added Pin To Net: NetName=10 amp (2) Pin=S5-1
Added Pin To Net: NetName=1st Res (2) Pin=S5-2
Added Pin To Net: NetName=Buffer (2) Pin=S5-3
Added Pin To Net: NetName=10 amp (1) Pin=S5-4
Added Pin To Net: NetName=1st Res (1) Pin=S5-5
Added Pin To Net: NetName=Buffer (1) Pin=S5-6
Added Pin To Net: NetName=10 amp (2nd) Pin=S6-1
Added Pin To Net: NetName=100 amp (2nd) Pin=S6-2
Added Pin To Net: NetName=2nd Res Pin=S6-3
Added Pin To Net: NetName=GND Pin=S7-2
Added Pin To Net: NetName=GND Pin=S7-5
Added Pin To Net: NetName=GND Pin=S8-2
Added Pin To Net: NetName=GND Pin=S8-5
Added Pin To Net: NetName=NetIC5_8 Pin=IC5-8
Added Pin To Net: NetName=NetIC5_8 Pin=R16-2
Added Pin To Net: NetName=NetIC5_8 Pin=R18-2
Added Net: Name=NetIC5_8
Added Pin To Net: NetName=NetR21_2 Pin=R21-2
Added Pin To Net: NetName=NetR21_2 Pin=S7-3
Added Net: Name=NetR21_2
Added Pin To Net: NetName=NetR22_2 Pin=R22-2
Added Pin To Net: NetName=NetR22_2 Pin=S7-1
Added Net: Name=NetR22_2
Added Pin To Net: NetName=NetR23_2 Pin=R23-2
Added Pin To Net: NetName=NetR23_2 Pin=S7-6
Added Net: Name=NetR23_2
Added Pin To Net: NetName=NetR24_2 Pin=R24-2
Added Pin To Net: NetName=NetR24_2 Pin=S7-4
Added Net: Name=NetR24_2
Added Pin To Net: NetName=NetR25_2 Pin=R25-2
Added Pin To Net: NetName=NetR25_2 Pin=S8-3
Added Net: Name=NetR25_2
Added Pin To Net: NetName=NetR26_2 Pin=R26-2
Added Pin To Net: NetName=NetR26_2 Pin=S8-1
Added Net: Name=NetR26_2
Added Pin To Net: NetName=NetR27_2 Pin=R27-2
Added Pin To Net: NetName=NetR27_2 Pin=S8-6
Added Net: Name=NetR27_2
Added Pin To Net: NetName=NetR28_2 Pin=R28-2
Added Pin To Net: NetName=NetR28_2 Pin=S8-4
Added Net: Name=NetR28_2
Added Member To Class: ClassName=LTC6268_circuit Member=Component IC1 LTC6268IS8-10#PBF
Added Member To Class: ClassName=LTC6268_circuit Member=Component IC2 LT1920IS8#PBF
Added Member To Class: ClassName=LTC6268_circuit Member=Component IC3 LTC6268IS8-10#PBF
Added Member To Class: ClassName=AD8065_circuit Member=Component IC4 LTC6268IS8-10#PBF
Added Member To Class: ClassName=AD8065_circuit Member=Component IC5 LT1920IS8#PBF
Added Member To Class: ClassName=AD8065_circuit Member=Component IC6 LTC6268IS8-10#PBF
Added Member To Class: ClassName=LTC6268_circuit Member=Component P1 Pad
Added Member To Class: ClassName=LTC6268_circuit Member=Component P2 Pad
Added Member To Class: ClassName=LTC6268_circuit Member=Component P3 Pad
Added Member To Class: ClassName=LTC6268_circuit Member=Component P4 Pad
Added Member To Class: ClassName=LTC6268_circuit Member=Component P5 Pad
Added Member To Class: ClassName=LTC6268_circuit Member=Component P6 Pad
Added Member To Class: ClassName=LTC6268_circuit Member=Component P7 Pad
Added Member To Class: ClassName=LTC6268_circuit Member=Component P8 Pad
Added Member To Class: ClassName=LTC6268_circuit Member=Component P9 Pad
Added Member To Class: ClassName=LTC6268_circuit Member=Component P10 Pad
Added Member To Class: ClassName=LTC6268_circuit Member=Component P11 Pad
Added Member To Class: ClassName=LTC6268_circuit Member=Component P12 Pad
Added Member To Class: ClassName=LTC6268_circuit Member=Component P13 Pad
Added Member To Class: ClassName=LTC6268_circuit Member=Component P14 Pad
Added Member To Class: ClassName=AD8065_circuit Member=Component P15 Pad
Added Member To Class: ClassName=AD8065_circuit Member=Component P16 Pad
Added Member To Class: ClassName=AD8065_circuit Member=Component P17 Pad
Added Member To Class: ClassName=AD8065_circuit Member=Component P18 Pad
Added Member To Class: ClassName=AD8065_circuit Member=Component P19 Pad
Added Member To Class: ClassName=AD8065_circuit Member=Component P20 Pad
Added Member To Class: ClassName=AD8065_circuit Member=Component P21 Pad
Added Member To Class: ClassName=AD8065_circuit Member=Component P22 Pad
Added Member To Class: ClassName=AD8065_circuit Member=Component P23 Pad
Added Member To Class: ClassName=AD8065_circuit Member=Component P24 Pad
Added Member To Class: ClassName=AD8065_circuit Member=Component P25 Pad
Added Member To Class: ClassName=AD8065_circuit Member=Component P26 Pad
Added Member To Class: ClassName=AD8065_circuit Member=Component P27 Pad
Added Member To Class: ClassName=AD8065_circuit Member=Component P28 Pad
Added Member To Class: ClassName=LTC6268_circuit Member=Component R1 RH73X2A10GNTN
Added Member To Class: ClassName=LTC6268_circuit Member=Component R2 RH73X2A10GNTN
Added Member To Class: ClassName=LTC6268_circuit Member=Component R3 RH73X2A10GNTN
Added Member To Class: ClassName=LTC6268_circuit Member=Component R4 RH73X2A10GNTN
Added Member To Class: ClassName=LTC6268_circuit Member=Component R5 RH73X2A10GNTN
Added Member To Class: ClassName=LTC6268_circuit Member=Component R6 RH73X2A10GNTN
Added Member To Class: ClassName=LTC6268_circuit Member=Component R7 RH73X2A10GNTN
Added Member To Class: ClassName=LTC6268_circuit Member=Component R8 RH73X2A10GNTN
Added Member To Class: ClassName=LTC6268_circuit Member=Component R9 RH73X2A10GNTN
Added Member To Class: ClassName=LTC6268_circuit Member=Component R10 RH73X2A10GNTN
Added Member To Class: ClassName=LTC6268_circuit Member=Component R11 RH73X2A10GNTN
Added Member To Class: ClassName=LTC6268_circuit Member=Component R12 RH73X2A10GNTN
Added Member To Class: ClassName=LTC6268_circuit Member=Component R13 RH73X2A10GNTN
Added Member To Class: ClassName=LTC6268_circuit Member=Component R14 RH73X2A10GNTN
Added Member To Class: ClassName=AD8065_circuit Member=Component R15 RH73X2A10GNTN
Added Member To Class: ClassName=AD8065_circuit Member=Component R16 RH73X2A10GNTN
Added Member To Class: ClassName=AD8065_circuit Member=Component R17 RH73X2A10GNTN
Added Member To Class: ClassName=AD8065_circuit Member=Component R18 RH73X2A10GNTN
Added Member To Class: ClassName=AD8065_circuit Member=Component R19 RH73X2A10GNTN
Added Member To Class: ClassName=AD8065_circuit Member=Component R20 RH73X2A10GNTN
Added Member To Class: ClassName=AD8065_circuit Member=Component R21 RH73X2A10GNTN
Added Member To Class: ClassName=AD8065_circuit Member=Component R22 RH73X2A10GNTN
Added Member To Class: ClassName=AD8065_circuit Member=Component R23 RH73X2A10GNTN
Added Member To Class: ClassName=AD8065_circuit Member=Component R24 RH73X2A10GNTN
Added Member To Class: ClassName=AD8065_circuit Member=Component R25 RH73X2A10GNTN
Added Member To Class: ClassName=AD8065_circuit Member=Component R26 RH73X2A10GNTN
Added Member To Class: ClassName=AD8065_circuit Member=Component R27 RH73X2A10GNTN
Added Member To Class: ClassName=AD8065_circuit Member=Component R28 RH73X2A10GNTN
Added Member To Class: ClassName=LTC6268_circuit Member=Component S1 452403012014
Added Member To Class: ClassName=LTC6268_circuit Member=Component S2 CS-4-12YA
Added Member To Class: ClassName=LTC6268_circuit Member=Component S3 CS-7-14TB
Added Member To Class: ClassName=LTC6268_circuit Member=Component S4 CS-7-14TB
Added Member To Class: ClassName=AD8065_circuit Member=Component S5 452403012014
Added Member To Class: ClassName=AD8065_circuit Member=Component S6 CS-4-12YA
Added Member To Class: ClassName=AD8065_circuit Member=Component S7 CS-7-14TB
Added Member To Class: ClassName=AD8065_circuit Member=Component S8 CS-7-14TB
Added Room: Name=AD8065_circuit
Added Room: Name=LTC6268_circuit
