Removed Pin From Net: NetName=1st Res (1) Pin=IC1-2
Removed Pin From Net: NetName=Vin1 Pin=IC1-3
Removed Pin From Net: NetName=1st Res (1) Pin=IC1-4
Removed Pin From Net: NetName=-1.5V Pin=IC1-5
Removed Pin From Net: NetName=Buffer (1) Pin=IC1-6
Removed Pin From Net: NetName=+1.5V Pin=IC1-7
Removed Pin From Net: NetName=1st Res (2) Pin=IC3-2
Removed Pin From Net: NetName=Vin2 Pin=IC3-3
Removed Pin From Net: NetName=1st Res (2) Pin=IC3-4
Removed Pin From Net: NetName=-1.5V Pin=IC3-5
Removed Pin From Net: NetName=Buffer (2) Pin=IC3-6
Removed Pin From Net: NetName=+1.5V Pin=IC3-7
Added Component: Designator=IC?(SOIC127P600X175-8N)
Add component (AddParameter): Name = "Arrow Part Number"; Value = "AD8065ARZ"; VariantName = "[No Variations]"
Add component (AddParameter): Name = "Arrow Price/Stock"; Value = "https://www.arrow.com/en/products/ad8065arz/analog-devices?region=nac"; VariantName = "[No Variations]"
Add component (AddParameter): Name = "Datasheet Link"; Value = "https://datasheet.datasheetarchive.com/originals/distributors/Datasheets-1/DSA-2047.pdf"; VariantName = "[No Variations]"
Add component (AddParameter): Name = "Height"; Value = "1.75mm"; VariantName = "[No Variations]"
Add component (AddParameter): Name = "Manufacturer_Name"; Value = "Analog Devices"; VariantName = "[No Variations]"
Add component (AddParameter): Name = "Manufacturer_Part_Number"; Value = "AD8065ARZ"; VariantName = "[No Variations]"
Add component (AddParameter): Name = "Mouser Part Number"; Value = "584-AD8065ARZ"; VariantName = "[No Variations]"
Add component (AddParameter): Name = "Mouser Price/Stock"; Value = "https://www.mouser.co.uk/ProductDetail/Analog-Devices/AD8065ARZ?qs=%2FtpEQrCGXCyXd34RglYLzQ%3D%3D"; VariantName = "[No Variations]"
Added Component: Designator=IC?(SOIC127P600X175-8N)
Add component (AddParameter): Name = "Arrow Part Number"; Value = "AD8065ARZ"; VariantName = "[No Variations]"
Add component (AddParameter): Name = "Arrow Price/Stock"; Value = "https://www.arrow.com/en/products/ad8065arz/analog-devices?region=nac"; VariantName = "[No Variations]"
Add component (AddParameter): Name = "Datasheet Link"; Value = "https://datasheet.datasheetarchive.com/originals/distributors/Datasheets-1/DSA-2047.pdf"; VariantName = "[No Variations]"
Add component (AddParameter): Name = "Height"; Value = "1.75mm"; VariantName = "[No Variations]"
Add component (AddParameter): Name = "Manufacturer_Name"; Value = "Analog Devices"; VariantName = "[No Variations]"
Add component (AddParameter): Name = "Manufacturer_Part_Number"; Value = "AD8065ARZ"; VariantName = "[No Variations]"
Add component (AddParameter): Name = "Mouser Part Number"; Value = "584-AD8065ARZ"; VariantName = "[No Variations]"
Add component (AddParameter): Name = "Mouser Price/Stock"; Value = "https://www.mouser.co.uk/ProductDetail/Analog-Devices/AD8065ARZ?qs=%2FtpEQrCGXCyXd34RglYLzQ%3D%3D"; VariantName = "[No Variations]"
Added Pin To Net: NetName=1st Res (1) Pin=IC?-2
Added Pin To Net: NetName=1st Res (2) Pin=IC?-2
Added Pin To Net: NetName=Vin1 Pin=IC?-3
Added Pin To Net: NetName=Vin2 Pin=IC?-3
Added Pin To Net: NetName=-5V Pin=IC?-4
Added Pin To Net: NetName=-5V Pin=IC?-4
Added Pin To Net: NetName=Buffer (1) Pin=IC?-6
Added Pin To Net: NetName=Buffer (2) Pin=IC?-6
Added Pin To Net: NetName=+5V Pin=IC?-7
Added Pin To Net: NetName=+5V Pin=IC?-7
Added Member To Class: ClassName=AD8065_circuit Member=Component IC2 LT1920IS8#PBF
Added Member To Class: ClassName=AD8065_circuit Member=Component IC? AD8065ARZ
Added Member To Class: ClassName=AD8065_circuit Member=Component IC? AD8065ARZ
Added Member To Class: ClassName=AD8065_circuit Member=Component P1 Pad
Added Member To Class: ClassName=AD8065_circuit Member=Component P2 Pad
Added Member To Class: ClassName=AD8065_circuit Member=Component P3 Pad
Added Member To Class: ClassName=AD8065_circuit Member=Component P4 Pad
Added Member To Class: ClassName=AD8065_circuit Member=Component P5 Pad
Added Member To Class: ClassName=AD8065_circuit Member=Component P6 Pad
Added Member To Class: ClassName=AD8065_circuit Member=Component P7 Pad
Added Member To Class: ClassName=AD8065_circuit Member=Component P8 Pad
Added Member To Class: ClassName=AD8065_circuit Member=Component P9 Pad
Added Member To Class: ClassName=AD8065_circuit Member=Component P10 Pad
Added Member To Class: ClassName=AD8065_circuit Member=Component P11 Pad
Added Member To Class: ClassName=AD8065_circuit Member=Component P12 Pad
Added Member To Class: ClassName=AD8065_circuit Member=Component P13 Pad
Added Member To Class: ClassName=AD8065_circuit Member=Component P14 Pad
Added Member To Class: ClassName=AD8065_circuit Member=Component R1 RH73X2A10GNTN
Added Member To Class: ClassName=AD8065_circuit Member=Component R2 RH73X2A10GNTN
Added Member To Class: ClassName=AD8065_circuit Member=Component R3 RH73X2A10GNTN
Added Member To Class: ClassName=AD8065_circuit Member=Component R4 RH73X2A10GNTN
Added Member To Class: ClassName=AD8065_circuit Member=Component R5 RH73X2A10GNTN
Added Member To Class: ClassName=AD8065_circuit Member=Component R6 RH73X2A10GNTN
Added Member To Class: ClassName=AD8065_circuit Member=Component R7 RH73X2A10GNTN
Added Member To Class: ClassName=AD8065_circuit Member=Component R8 RH73X2A10GNTN
Added Member To Class: ClassName=AD8065_circuit Member=Component R9 RH73X2A10GNTN
Added Member To Class: ClassName=AD8065_circuit Member=Component R10 RH73X2A10GNTN
Added Member To Class: ClassName=AD8065_circuit Member=Component R11 RH73X2A10GNTN
Added Member To Class: ClassName=AD8065_circuit Member=Component R12 RH73X2A10GNTN
Added Member To Class: ClassName=AD8065_circuit Member=Component R13 RH73X2A10GNTN
Added Member To Class: ClassName=AD8065_circuit Member=Component R14 RH73X2A10GNTN
Added Member To Class: ClassName=AD8065_circuit Member=Component S1 452403012014
Added Member To Class: ClassName=AD8065_circuit Member=Component S2 CS-4-12YA
Added Member To Class: ClassName=AD8065_circuit Member=Component S3 CS-7-14TB
Added Member To Class: ClassName=AD8065_circuit Member=Component S4 CS-7-14TB
Added Room: Name=AD8065_circuit
