Change Component Designator: OldDesignator=IC4 NewDesignator=IC1
Change Component Designator: OldDesignator=IC5 NewDesignator=IC2
Change Component Designator: OldDesignator=IC6 NewDesignator=IC3
Change Component Designator: OldDesignator=P10 NewDesignator=P1
Change Component Designator: OldDesignator=P11 NewDesignator=P2
Change Component Designator: OldDesignator=P12 NewDesignator=P3
Change Component Designator: OldDesignator=P13 NewDesignator=P4
Change Component Designator: OldDesignator=P14 NewDesignator=P5
Change Component Designator: OldDesignator=P15 NewDesignator=P12
Change Component Designator: OldDesignator=P16 NewDesignator=P13
Change Component Designator: OldDesignator=P17 NewDesignator=P14
Change Component Designator: OldDesignator=P18 NewDesignator=P8
Change Component Designator: OldDesignator=P19 NewDesignator=P11
Change Component Designator: OldDesignator=P20 NewDesignator=P6
Change Component Designator: OldDesignator=P21 NewDesignator=P7
Change Component Designator: OldDesignator=P22 NewDesignator=P9
Change Component Designator: OldDesignator=P23 NewDesignator=P10
Change Component Designator: OldDesignator=R7 NewDesignator=R1
Change Component Designator: OldDesignator=R8 NewDesignator=R2
Change Component Designator: OldDesignator=R9 NewDesignator=R3
Change Component Designator: OldDesignator=R10 NewDesignator=R4
Change Component Designator: OldDesignator=R11 NewDesignator=R5
Change Component Designator: OldDesignator=R12 NewDesignator=R6
Change Component Designator: OldDesignator=R13 NewDesignator=R7
Change Component Designator: OldDesignator=R14 NewDesignator=R8
Change Component Designator: OldDesignator=R15 NewDesignator=R9
Change Component Designator: OldDesignator=R16 NewDesignator=R10
Change Component Designator: OldDesignator=R17 NewDesignator=R11
Change Component Designator: OldDesignator=R18 NewDesignator=R12
Change Component Designator: OldDesignator=R19 NewDesignator=R13
Change Component Designator: OldDesignator=R20 NewDesignator=R14
Change Component Designator: OldDesignator=S3 NewDesignator=S1
Change Component Designator: OldDesignator=S4 NewDesignator=S2
Change Component Designator: OldDesignator=S5 NewDesignator=S3
Change Component Designator: OldDesignator=S6 NewDesignator=S4
Change Net Name : Old Net Name=NetIC5_8 New Net Name=NetIC2_8
Change Net Name : Old Net Name=NetR13_2 New Net Name=NetR7_2
Change Net Name : Old Net Name=NetR14_2 New Net Name=NetR8_2
Change Net Name : Old Net Name=NetR15_2 New Net Name=NetR9_2
Change Net Name : Old Net Name=NetR16_2 New Net Name=NetR10_2
Change Net Name : Old Net Name=NetR17_2 New Net Name=NetR11_2
Change Net Name : Old Net Name=NetR18_2 New Net Name=NetR12_2
Change Net Name : Old Net Name=NetR19_2 New Net Name=NetR13_2
Change Net Name : Old Net Name=NetR20_2 New Net Name=NetR14_2
Change Class Name : Old Net Name=LTC6268_circuit New Net Name=AD8065_circuit
Added Room: Name=AD8065_circuit
