Removed Pin From Net: NetName=Rg2 Pin=S5-1
Removed Pin From Net: NetName=GND Pin=S5-2
Removed Pin From Net: NetName=GND Pin=S5-5
Removed Pin From Net: NetName=GND Pin=S5-6
Removed Pin From Net: NetName=Rg1 Pin=S5-7
Change Component Footprint: Designator=S5 Old Footprint=JS202011JCQN New Footprint=DS05127202BKSMTTR
Change Component Comment : Designator=S5 Old Comment=JS202011JCQN New Comment=DS05-127-2-02BK-SMT-TR
Change component parameters: Designator = "S5" ("S5"); Footprint = "JS202011JCQN"; UniqueID = "\VXYIOWRD" ("\VXYIOWRD")
Change component parameters (AddParameter): Name = "Arrow Part Number"; Value = ""; VariantName = "[No Variations]"
Change component parameters (AddParameter): Name = "Arrow Price/Stock"; Value = ""; VariantName = "[No Variations]"
Change component parameters (AddParameter): Name = "Datasheet Link"; Value = "https://www.cuidevices.com/product/resource/digikeypdf/ds05-127-smt.pdf"; VariantName = "[No Variations]"
Change component parameters (AddParameter): Name = "Height"; Value = "2.6mm"; VariantName = "[No Variations]"
Change component parameters (AddParameter): Name = "Manufacturer_Name"; Value = "CUI Devices"; VariantName = "[No Variations]"
Change component parameters (AddParameter): Name = "Manufacturer_Part_Number"; Value = "DS05-127-2-02BK-SMT-TR"; VariantName = "[No Variations]"
Change component parameters (AddParameter): Name = "Mouser Part Number"; Value = "490-DS05127202BK-STR"; VariantName = "[No Variations]"
Change component parameters (AddParameter): Name = "Mouser Price/Stock"; Value = "https://www.mouser.co.uk/ProductDetail/CUI-Devices/DS05-127-2-02BK-SMT-TR?qs=wnTfsH77Xs6TIyf6yhikhg%3D%3D"; VariantName = "[No Variations]"
Added Pin To Net: NetName=GND Pin=S5-1
Added Pin To Net: NetName=Rg2 Pin=S5-2
Added Pin To Net: NetName=Rg1 Pin=S5-4
Added Room: Name=AD8065_circuit
