Removed Member From Class: ClassName=AD8065_circuit Member=IC3
Removed Member From Class: ClassName=AD8065_circuit Member=P1
Removed Member From Class: ClassName=AD8065_circuit Member=P4
Removed Member From Class: ClassName=AD8065_circuit Member=P5
Removed Member From Class: ClassName=AD8065_circuit Member=P6
Removed Member From Class: ClassName=AD8065_circuit Member=P8
Removed Member From Class: ClassName=AD8065_circuit Member=R1
Removed Member From Class: ClassName=AD8065_circuit Member=R3
Removed Member From Class: ClassName=AD8065_circuit Member=R5
Removed Member From Class: ClassName=AD8065_circuit Member=R7
Removed Member From Class: ClassName=AD8065_circuit Member=R8
Removed Member From Class: ClassName=AD8065_circuit Member=R10
Removed Member From Class: ClassName=AD8065_circuit Member=R11
Removed Member From Class: ClassName=AD8065_circuit Member=S1
Removed Member From Class: ClassName=AD8065_circuit Member=S3
Change Component Designator: OldDesignator=IC1 NewDesignator=IC4
Change Component Designator: OldDesignator=IC2 NewDesignator=IC5
Change Component Designator: OldDesignator=IC3 NewDesignator=IC6
Change Component Designator: OldDesignator=P1 NewDesignator=P15
Change Component Designator: OldDesignator=P2 NewDesignator=P16
Change Component Designator: OldDesignator=P3 NewDesignator=P17
Change Component Designator: OldDesignator=P4 NewDesignator=P18
Change Component Designator: OldDesignator=P5 NewDesignator=P19
Change Component Designator: OldDesignator=P6 NewDesignator=P20
Change Component Designator: OldDesignator=P7 NewDesignator=P21
Change Component Designator: OldDesignator=P8 NewDesignator=P22
Change Component Designator: OldDesignator=P9 NewDesignator=P23
Change Component Designator: OldDesignator=P10 NewDesignator=P24
Change Component Designator: OldDesignator=P11 NewDesignator=P25
Change Component Designator: OldDesignator=P12 NewDesignator=P26
Change Component Designator: OldDesignator=P13 NewDesignator=P27
Change Component Designator: OldDesignator=P14 NewDesignator=P28
Change Component Designator: OldDesignator=R1 NewDesignator=R15
Change Component Designator: OldDesignator=R2 NewDesignator=R16
Change Component Designator: OldDesignator=R3 NewDesignator=R17
Change Component Designator: OldDesignator=R4 NewDesignator=R18
Change Component Designator: OldDesignator=R5 NewDesignator=R19
Change Component Designator: OldDesignator=R6 NewDesignator=R20
Change Component Designator: OldDesignator=R7 NewDesignator=R21
Change Component Designator: OldDesignator=R8 NewDesignator=R22
Change Component Designator: OldDesignator=R9 NewDesignator=R23
Change Component Designator: OldDesignator=R10 NewDesignator=R24
Change Component Designator: OldDesignator=R11 NewDesignator=R25
Change Component Designator: OldDesignator=R12 NewDesignator=R26
Change Component Designator: OldDesignator=R13 NewDesignator=R27
Change Component Designator: OldDesignator=R14 NewDesignator=R28
Change Component Designator: OldDesignator=S1 NewDesignator=S5
Change Component Designator: OldDesignator=S2 NewDesignator=S6
Change Component Designator: OldDesignator=S3 NewDesignator=S7
Change Component Designator: OldDesignator=S4 NewDesignator=S8
Added Pin To Net: NetName=NetIC5_8 Pin=IC5-8
Added Pin To Net: NetName=NetIC5_8 Pin=R16-2
Added Pin To Net: NetName=NetIC5_8 Pin=R18-2
Added Net: Name=NetIC5_8
Added Pin To Net: NetName=NetR21_2 Pin=R21-2
Added Pin To Net: NetName=NetR21_2 Pin=S7-3
Added Net: Name=NetR21_2
Added Pin To Net: NetName=NetR22_2 Pin=R22-2
Added Pin To Net: NetName=NetR22_2 Pin=S7-1
Added Net: Name=NetR22_2
Added Pin To Net: NetName=NetR23_2 Pin=R23-2
Added Pin To Net: NetName=NetR23_2 Pin=S7-6
Added Net: Name=NetR23_2
Added Pin To Net: NetName=NetR24_2 Pin=R24-2
Added Pin To Net: NetName=NetR24_2 Pin=S7-4
Added Net: Name=NetR24_2
Added Pin To Net: NetName=NetR25_2 Pin=R25-2
Added Pin To Net: NetName=NetR25_2 Pin=S8-3
Added Net: Name=NetR25_2
Added Pin To Net: NetName=NetR26_2 Pin=R26-2
Added Pin To Net: NetName=NetR26_2 Pin=S8-1
Added Net: Name=NetR26_2
Added Pin To Net: NetName=NetR27_2 Pin=R27-2
Added Pin To Net: NetName=NetR27_2 Pin=S8-6
Added Net: Name=NetR27_2
Added Pin To Net: NetName=NetR28_2 Pin=R28-2
Added Pin To Net: NetName=NetR28_2 Pin=S8-4
Added Net: Name=NetR28_2
Added Member To Class: ClassName=AD8065_circuit Member=Component IC6 LTC6268IS8-10#PBF
Added Member To Class: ClassName=AD8065_circuit Member=Component P15 Pad
Added Member To Class: ClassName=AD8065_circuit Member=Component P18 Pad
Added Member To Class: ClassName=AD8065_circuit Member=Component P19 Pad
Added Member To Class: ClassName=AD8065_circuit Member=Component P20 Pad
Added Member To Class: ClassName=AD8065_circuit Member=Component P22 Pad
Added Member To Class: ClassName=AD8065_circuit Member=Component R15 RH73X2A10GNTN
Added Member To Class: ClassName=AD8065_circuit Member=Component R17 RH73X2A10GNTN
Added Member To Class: ClassName=AD8065_circuit Member=Component R19 RH73X2A10GNTN
Added Member To Class: ClassName=AD8065_circuit Member=Component R21 RH73X2A10GNTN
Added Member To Class: ClassName=AD8065_circuit Member=Component R22 RH73X2A10GNTN
Added Member To Class: ClassName=AD8065_circuit Member=Component R24 RH73X2A10GNTN
Added Member To Class: ClassName=AD8065_circuit Member=Component R25 RH73X2A10GNTN
Added Member To Class: ClassName=AD8065_circuit Member=Component S5 452403012014
Added Member To Class: ClassName=AD8065_circuit Member=Component S7 CS-7-14TB
