Removed Pin From Net: NetName=1st Res (1) Pin=U1-2
Removed Pin From Net: NetName=Vin1 Pin=U1-3
Removed Pin From Net: NetName=Vs- Pin=U1-4
Removed Pin From Net: NetName=Buffer (1) Pin=U1-6
Removed Pin From Net: NetName=Vs+ Pin=U1-7
Removed Pin From Net: NetName=1st Res (2) Pin=U2-2
Removed Pin From Net: NetName=Vin2 Pin=U2-3
Removed Pin From Net: NetName=Vs- Pin=U2-4
Removed Pin From Net: NetName=Buffer (2) Pin=U2-6
Removed Pin From Net: NetName=Vs+ Pin=U2-7
Removed Member From Class: ClassName=ECG circuit Member=U1
Removed Member From Class: ClassName=ECG circuit Member=U2
Change Component Designator: OldDesignator=Input NewDesignator=J1
Change Component Designator: OldDesignator=Output NewDesignator=J3
Change Component Designator: OldDesignator=Power NewDesignator=J2
Added Component: Designator=IC?(SOIC127P600X175-8N)
Add component (AddParameter): Name = "Arrow Part Number"; Value = "AD8065ARZ"; VariantName = "[No Variations]"
Add component (AddParameter): Name = "Arrow Price/Stock"; Value = "https://www.arrow.com/en/products/ad8065arz/analog-devices?region=nac"; VariantName = "[No Variations]"
Add component (AddParameter): Name = "Datasheet Link"; Value = "https://datasheet.datasheetarchive.com/originals/distributors/Datasheets-1/DSA-2047.pdf"; VariantName = "[No Variations]"
Add component (AddParameter): Name = "Height"; Value = "1.75mm"; VariantName = "[No Variations]"
Add component (AddParameter): Name = "Manufacturer_Name"; Value = "Analog Devices"; VariantName = "[No Variations]"
Add component (AddParameter): Name = "Manufacturer_Part_Number"; Value = "AD8065ARZ"; VariantName = "[No Variations]"
Add component (AddParameter): Name = "Mouser Part Number"; Value = "584-AD8065ARZ"; VariantName = "[No Variations]"
Add component (AddParameter): Name = "Mouser Price/Stock"; Value = "https://www.mouser.co.uk/ProductDetail/Analog-Devices/AD8065ARZ?qs=%2FtpEQrCGXCyXd34RglYLzQ%3D%3D"; VariantName = "[No Variations]"
Added Component: Designator=IC?(SOIC127P600X175-8N)
Add component (AddParameter): Name = "Arrow Part Number"; Value = "AD8065ARZ"; VariantName = "[No Variations]"
Add component (AddParameter): Name = "Arrow Price/Stock"; Value = "https://www.arrow.com/en/products/ad8065arz/analog-devices?region=nac"; VariantName = "[No Variations]"
Add component (AddParameter): Name = "Datasheet Link"; Value = "https://datasheet.datasheetarchive.com/originals/distributors/Datasheets-1/DSA-2047.pdf"; VariantName = "[No Variations]"
Add component (AddParameter): Name = "Height"; Value = "1.75mm"; VariantName = "[No Variations]"
Add component (AddParameter): Name = "Manufacturer_Name"; Value = "Analog Devices"; VariantName = "[No Variations]"
Add component (AddParameter): Name = "Manufacturer_Part_Number"; Value = "AD8065ARZ"; VariantName = "[No Variations]"
Add component (AddParameter): Name = "Mouser Part Number"; Value = "584-AD8065ARZ"; VariantName = "[No Variations]"
Add component (AddParameter): Name = "Mouser Price/Stock"; Value = "https://www.mouser.co.uk/ProductDetail/Analog-Devices/AD8065ARZ?qs=%2FtpEQrCGXCyXd34RglYLzQ%3D%3D"; VariantName = "[No Variations]"
Added Pin To Net: NetName=1st Res (1) Pin=IC?-2
Added Pin To Net: NetName=1st Res (2) Pin=IC?-2
Added Pin To Net: NetName=Vin1 Pin=IC?-3
Added Pin To Net: NetName=Vin2 Pin=IC?-3
Added Pin To Net: NetName=Vs- Pin=IC?-4
Added Pin To Net: NetName=Vs- Pin=IC?-4
Added Pin To Net: NetName=Buffer (1) Pin=IC?-6
Added Pin To Net: NetName=Buffer (2) Pin=IC?-6
Added Pin To Net: NetName=Vs+ Pin=IC?-7
Added Pin To Net: NetName=Vs+ Pin=IC?-7
Added Member To Class: ClassName=ECG circuit Member=Component IC? AD8065ARZ
Added Member To Class: ClassName=ECG circuit Member=Component IC? AD8065ARZ
Added Member To Class: ClassName=ECG circuit Member=Component J1 1814922
Added Member To Class: ClassName=ECG circuit Member=Component S2 CS-4-12YA
Added Room: Name=ECG circuit
