Change Physical Footprint: Designator=IC1 Old Footprint=SOIC127P600X175-8N New Footprint=SOIC127P600X175-8N
Change Physical Footprint: Designator=IC2 Old Footprint=SOIC127P599X175-8N New Footprint=SOIC127P599X175-8N
Change Physical Footprint: Designator=IC3 Old Footprint=SOIC127P600X175-8N New Footprint=SOIC127P600X175-8N
Change Physical Footprint: Designator=IC4 Old Footprint=SOIC127P599X175-8N New Footprint=SOIC127P599X175-8N
Change Physical Footprint: Designator=P1 Old Footprint=Pad New Footprint=Pad
Change Physical Footprint: Designator=P2 Old Footprint=Pad New Footprint=Pad
Change Physical Footprint: Designator=P3 Old Footprint=Pad New Footprint=Pad
Change Physical Footprint: Designator=P4 Old Footprint=Pad New Footprint=Pad
Change Physical Footprint: Designator=P5 Old Footprint=Pad New Footprint=Pad
Change Physical Footprint: Designator=P6 Old Footprint=Pad New Footprint=Pad
Change Physical Footprint: Designator=P7 Old Footprint=Pad New Footprint=Pad
Change Physical Footprint: Designator=P8 Old Footprint=Pad New Footprint=Pad
Change Physical Footprint: Designator=P9 Old Footprint=Pad New Footprint=Pad
Change Physical Footprint: Designator=P10 Old Footprint=Pad New Footprint=Pad
Change Physical Footprint: Designator=P11 Old Footprint=Pad New Footprint=Pad
Change Physical Footprint: Designator=P12 Old Footprint=Pad New Footprint=Pad
Change Physical Footprint: Designator=P13 Old Footprint=Pad New Footprint=Pad
Change Physical Footprint: Designator=P14 Old Footprint=Pad New Footprint=Pad
Change Physical Footprint: Designator=P15 Old Footprint=Pad New Footprint=Pad
Change Physical Footprint: Designator=R1 Old Footprint=RESC2012X80N New Footprint=RESC2012X80N
Change Physical Footprint: Designator=R2 Old Footprint=RESC2012X80N New Footprint=RESC2012X80N
Change Physical Footprint: Designator=R3 Old Footprint=RESC2012X80N New Footprint=RESC2012X80N
Change Physical Footprint: Designator=R4 Old Footprint=RESC2012X80N New Footprint=RESC2012X80N
Change Physical Footprint: Designator=R5 Old Footprint=RESC2012X80N New Footprint=RESC2012X80N
Change Physical Footprint: Designator=R6 Old Footprint=RESC2012X80N New Footprint=RESC2012X80N
Change Physical Footprint: Designator=R7 Old Footprint=RESC2013X50N New Footprint=RESC2013X50N
Change Physical Footprint: Designator=R8 Old Footprint=RESC2013X50N New Footprint=RESC2013X50N
Change Physical Footprint: Designator=R9 Old Footprint=RESC2013X50N New Footprint=RESC2013X50N
Change Physical Footprint: Designator=R10 Old Footprint=RESC2013X50N New Footprint=RESC2013X50N
Change Physical Footprint: Designator=R11 Old Footprint=RESC2013X50N New Footprint=RESC2013X50N
Change Physical Footprint: Designator=R12 Old Footprint=RESC2013X50N New Footprint=RESC2013X50N
Change Physical Footprint: Designator=S1 Old Footprint=452403012014 New Footprint=452403012014
Change Physical Footprint: Designator=S2 Old Footprint=CS412YA New Footprint=CS412YA
Change Physical Footprint: Designator=S3 Old Footprint=CS412YA New Footprint=CS412YA
Change Physical Footprint: Designator=S4 Old Footprint=SOP254P1000X405-6N New Footprint=SOP254P1000X405-6N
