Added Component: Designator=IC1(SOIC127P600X175-8N)
Add component (AddParameter): Name = "Arrow Part Number"; Value = "AD8065ARZ"; VariantName = "[No Variations]"
Add component (AddParameter): Name = "Arrow Price/Stock"; Value = "https://www.arrow.com/en/products/ad8065arz/analog-devices?region=nac"; VariantName = "[No Variations]"
Add component (AddParameter): Name = "Datasheet Link"; Value = "https://datasheet.datasheetarchive.com/originals/distributors/Datasheets-1/DSA-2047.pdf"; VariantName = "[No Variations]"
Add component (AddParameter): Name = "Height"; Value = "1.75mm"; VariantName = "[No Variations]"
Add component (AddParameter): Name = "Manufacturer_Name"; Value = "Analog Devices"; VariantName = "[No Variations]"
Add component (AddParameter): Name = "Manufacturer_Part_Number"; Value = "AD8065ARZ"; VariantName = "[No Variations]"
Add component (AddParameter): Name = "Mouser Part Number"; Value = "584-AD8065ARZ"; VariantName = "[No Variations]"
Add component (AddParameter): Name = "Mouser Price/Stock"; Value = "https://www.mouser.co.uk/ProductDetail/Analog-Devices/AD8065ARZ?qs=%2FtpEQrCGXCyXd34RglYLzQ%3D%3D"; VariantName = "[No Variations]"
Added Component: Designator=IC2(SOIC127P599X175-8N)
Add component (AddParameter): Name = "Arrow Part Number"; Value = "LT1920IS8#PBF"; VariantName = "[No Variations]"
Add component (AddParameter): Name = "Arrow Price/Stock"; Value = "https://www.arrow.com/en/products/lt1920is8pbf/analog-devices?region=nac"; VariantName = "[No Variations]"
Add component (AddParameter): Name = "Datasheet Link"; Value = "https://datasheet.datasheetarchive.com/originals/distributors/SFDatasheet-4/sf-00091026.pdf"; VariantName = "[No Variations]"
Add component (AddParameter): Name = "Height"; Value = "1.752mm"; VariantName = "[No Variations]"
Add component (AddParameter): Name = "Manufacturer_Name"; Value = "Analog Devices"; VariantName = "[No Variations]"
Add component (AddParameter): Name = "Manufacturer_Part_Number"; Value = "LT1920IS8#PBF"; VariantName = "[No Variations]"
Add component (AddParameter): Name = "Mouser Part Number"; Value = "584-LT1920IS8#PBF"; VariantName = "[No Variations]"
Add component (AddParameter): Name = "Mouser Price/Stock"; Value = "https://www.mouser.co.uk/ProductDetail/Analog-Devices/LT1920IS8PBF?qs=ytflclh7QUWOSod6PqfjSg%3D%3D"; VariantName = "[No Variations]"
Added Component: Designator=IC3(SOIC127P600X175-8N)
Add component (AddParameter): Name = "Arrow Part Number"; Value = "AD8065ARZ"; VariantName = "[No Variations]"
Add component (AddParameter): Name = "Arrow Price/Stock"; Value = "https://www.arrow.com/en/products/ad8065arz/analog-devices?region=nac"; VariantName = "[No Variations]"
Add component (AddParameter): Name = "Datasheet Link"; Value = "https://datasheet.datasheetarchive.com/originals/distributors/Datasheets-1/DSA-2047.pdf"; VariantName = "[No Variations]"
Add component (AddParameter): Name = "Height"; Value = "1.75mm"; VariantName = "[No Variations]"
Add component (AddParameter): Name = "Manufacturer_Name"; Value = "Analog Devices"; VariantName = "[No Variations]"
Add component (AddParameter): Name = "Manufacturer_Part_Number"; Value = "AD8065ARZ"; VariantName = "[No Variations]"
Add component (AddParameter): Name = "Mouser Part Number"; Value = "584-AD8065ARZ"; VariantName = "[No Variations]"
Add component (AddParameter): Name = "Mouser Price/Stock"; Value = "https://www.mouser.co.uk/ProductDetail/Analog-Devices/AD8065ARZ?qs=%2FtpEQrCGXCyXd34RglYLzQ%3D%3D"; VariantName = "[No Variations]"
Added Component: Designator=IC4(SOIC127P599X175-8N)
Add component (AddParameter): Name = "Arrow Part Number"; Value = "LTC6268IS8-10#PBF"; VariantName = "[No Variations]"
Add component (AddParameter): Name = "Arrow Price/Stock"; Value = "https://www.arrow.com/en/products/ltc6268is8-10pbf/analog-devices?region=nac"; VariantName = "[No Variations]"
Add component (AddParameter): Name = "Datasheet Link"; Value = "https://datasheet.datasheetarchive.com/originals/distributors/Datasheets_SAMA/eb0bf5824ac521a4901f543e1202dae7.pdf"; VariantName = "[No Variations]"
Add component (AddParameter): Name = "Height"; Value = "1.752mm"; VariantName = "[No Variations]"
Add component (AddParameter): Name = "Manufacturer_Name"; Value = "Analog Devices"; VariantName = "[No Variations]"
Add component (AddParameter): Name = "Manufacturer_Part_Number"; Value = "LTC6268IS8-10#PBF"; VariantName = "[No Variations]"
Add component (AddParameter): Name = "Mouser Part Number"; Value = "584-LTC6268IS8-10PBF"; VariantName = "[No Variations]"
Add component (AddParameter): Name = "Mouser Price/Stock"; Value = "https://www.mouser.co.uk/ProductDetail/Analog-Devices/LTC6268IS8-10PBF?qs=oahfZPh6IAJW%252BkNj5oLlfA%3D%3D"; VariantName = "[No Variations]"
Added Component: Designator=P1(Pad)
Added Component: Designator=P2(Pad)
Added Component: Designator=P3(Pad)
Added Component: Designator=P4(Pad)
Added Component: Designator=P5(Pad)
Added Component: Designator=P6(Pad)
Added Component: Designator=P7(Pad)
Added Component: Designator=P8(Pad)
Added Component: Designator=P9(Pad)
Added Component: Designator=P10(Pad)
Added Component: Designator=P11(Pad)
Added Component: Designator=P12(Pad)
Added Component: Designator=P13(Pad)
Added Component: Designator=P14(Pad)
Added Component: Designator=R1(RESC2012X80N)
Add component (AddParameter): Name = "Arrow Part Number"; Value = "CRF0805-FZ-R002ELF"; VariantName = "[No Variations]"
Add component (AddParameter): Name = "Arrow Price/Stock"; Value = "https://www.arrow.com/en/products/crf0805-fz-r002elf/bourns?region=nac"; VariantName = "[No Variations]"
Add component (AddParameter): Name = "Datasheet Link"; Value = "https://www.bourns.com/docs/product-datasheets/CRF.pdf"; VariantName = "[No Variations]"
Add component (AddParameter): Name = "Height"; Value = "0.8mm"; VariantName = "[No Variations]"
Add component (AddParameter): Name = "Manufacturer_Name"; Value = "Bourns"; VariantName = "[No Variations]"
Add component (AddParameter): Name = "Manufacturer_Part_Number"; Value = "CRF0805-FZ-R002ELF"; VariantName = "[No Variations]"
Add component (AddParameter): Name = "Mouser Part Number"; Value = "652-CRF0805FZR002ELF"; VariantName = "[No Variations]"
Add component (AddParameter): Name = "Mouser Price/Stock"; Value = "https://www.mouser.co.uk/ProductDetail/Bourns/CRF0805-FZ-R002ELF?qs=t7xnP681wgXcQ5vhBgw1Wg%3D%3D"; VariantName = "[No Variations]"
Added Component: Designator=R2(RESC2012X80N)
Add component (AddParameter): Name = "Arrow Part Number"; Value = "CRF0805-FZ-R002ELF"; VariantName = "[No Variations]"
Add component (AddParameter): Name = "Arrow Price/Stock"; Value = "https://www.arrow.com/en/products/crf0805-fz-r002elf/bourns?region=nac"; VariantName = "[No Variations]"
Add component (AddParameter): Name = "Datasheet Link"; Value = "https://www.bourns.com/docs/product-datasheets/CRF.pdf"; VariantName = "[No Variations]"
Add component (AddParameter): Name = "Height"; Value = "0.8mm"; VariantName = "[No Variations]"
Add component (AddParameter): Name = "Manufacturer_Name"; Value = "Bourns"; VariantName = "[No Variations]"
Add component (AddParameter): Name = "Manufacturer_Part_Number"; Value = "CRF0805-FZ-R002ELF"; VariantName = "[No Variations]"
Add component (AddParameter): Name = "Mouser Part Number"; Value = "652-CRF0805FZR002ELF"; VariantName = "[No Variations]"
Add component (AddParameter): Name = "Mouser Price/Stock"; Value = "https://www.mouser.co.uk/ProductDetail/Bourns/CRF0805-FZ-R002ELF?qs=t7xnP681wgXcQ5vhBgw1Wg%3D%3D"; VariantName = "[No Variations]"
Added Component: Designator=R3(RESC2012X80N)
Add component (AddParameter): Name = "Arrow Part Number"; Value = "CRF0805-FZ-R002ELF"; VariantName = "[No Variations]"
Add component (AddParameter): Name = "Arrow Price/Stock"; Value = "https://www.arrow.com/en/products/crf0805-fz-r002elf/bourns?region=nac"; VariantName = "[No Variations]"
Add component (AddParameter): Name = "Datasheet Link"; Value = "https://www.bourns.com/docs/product-datasheets/CRF.pdf"; VariantName = "[No Variations]"
Add component (AddParameter): Name = "Height"; Value = "0.8mm"; VariantName = "[No Variations]"
Add component (AddParameter): Name = "Manufacturer_Name"; Value = "Bourns"; VariantName = "[No Variations]"
Add component (AddParameter): Name = "Manufacturer_Part_Number"; Value = "CRF0805-FZ-R002ELF"; VariantName = "[No Variations]"
Add component (AddParameter): Name = "Mouser Part Number"; Value = "652-CRF0805FZR002ELF"; VariantName = "[No Variations]"
Add component (AddParameter): Name = "Mouser Price/Stock"; Value = "https://www.mouser.co.uk/ProductDetail/Bourns/CRF0805-FZ-R002ELF?qs=t7xnP681wgXcQ5vhBgw1Wg%3D%3D"; VariantName = "[No Variations]"
Added Component: Designator=R4(RESC2012X80N)
Add component (AddParameter): Name = "Arrow Part Number"; Value = "CRF0805-FZ-R002ELF"; VariantName = "[No Variations]"
Add component (AddParameter): Name = "Arrow Price/Stock"; Value = "https://www.arrow.com/en/products/crf0805-fz-r002elf/bourns?region=nac"; VariantName = "[No Variations]"
Add component (AddParameter): Name = "Datasheet Link"; Value = "https://www.bourns.com/docs/product-datasheets/CRF.pdf"; VariantName = "[No Variations]"
Add component (AddParameter): Name = "Height"; Value = "0.8mm"; VariantName = "[No Variations]"
Add component (AddParameter): Name = "Manufacturer_Name"; Value = "Bourns"; VariantName = "[No Variations]"
Add component (AddParameter): Name = "Manufacturer_Part_Number"; Value = "CRF0805-FZ-R002ELF"; VariantName = "[No Variations]"
Add component (AddParameter): Name = "Mouser Part Number"; Value = "652-CRF0805FZR002ELF"; VariantName = "[No Variations]"
Add component (AddParameter): Name = "Mouser Price/Stock"; Value = "https://www.mouser.co.uk/ProductDetail/Bourns/CRF0805-FZ-R002ELF?qs=t7xnP681wgXcQ5vhBgw1Wg%3D%3D"; VariantName = "[No Variations]"
Added Component: Designator=R5(RESC2012X80N)
Add component (AddParameter): Name = "Arrow Part Number"; Value = "CRF0805-FZ-R002ELF"; VariantName = "[No Variations]"
Add component (AddParameter): Name = "Arrow Price/Stock"; Value = "https://www.arrow.com/en/products/crf0805-fz-r002elf/bourns?region=nac"; VariantName = "[No Variations]"
Add component (AddParameter): Name = "Datasheet Link"; Value = "https://www.bourns.com/docs/product-datasheets/CRF.pdf"; VariantName = "[No Variations]"
Add component (AddParameter): Name = "Height"; Value = "0.8mm"; VariantName = "[No Variations]"
Add component (AddParameter): Name = "Manufacturer_Name"; Value = "Bourns"; VariantName = "[No Variations]"
Add component (AddParameter): Name = "Manufacturer_Part_Number"; Value = "CRF0805-FZ-R002ELF"; VariantName = "[No Variations]"
Add component (AddParameter): Name = "Mouser Part Number"; Value = "652-CRF0805FZR002ELF"; VariantName = "[No Variations]"
Add component (AddParameter): Name = "Mouser Price/Stock"; Value = "https://www.mouser.co.uk/ProductDetail/Bourns/CRF0805-FZ-R002ELF?qs=t7xnP681wgXcQ5vhBgw1Wg%3D%3D"; VariantName = "[No Variations]"
Added Component: Designator=R6(RESC2012X80N)
Add component (AddParameter): Name = "Arrow Part Number"; Value = "CRF0805-FZ-R002ELF"; VariantName = "[No Variations]"
Add component (AddParameter): Name = "Arrow Price/Stock"; Value = "https://www.arrow.com/en/products/crf0805-fz-r002elf/bourns?region=nac"; VariantName = "[No Variations]"
Add component (AddParameter): Name = "Datasheet Link"; Value = "https://www.bourns.com/docs/product-datasheets/CRF.pdf"; VariantName = "[No Variations]"
Add component (AddParameter): Name = "Height"; Value = "0.8mm"; VariantName = "[No Variations]"
Add component (AddParameter): Name = "Manufacturer_Name"; Value = "Bourns"; VariantName = "[No Variations]"
Add component (AddParameter): Name = "Manufacturer_Part_Number"; Value = "CRF0805-FZ-R002ELF"; VariantName = "[No Variations]"
Add component (AddParameter): Name = "Mouser Part Number"; Value = "652-CRF0805FZR002ELF"; VariantName = "[No Variations]"
Add component (AddParameter): Name = "Mouser Price/Stock"; Value = "https://www.mouser.co.uk/ProductDetail/Bourns/CRF0805-FZ-R002ELF?qs=t7xnP681wgXcQ5vhBgw1Wg%3D%3D"; VariantName = "[No Variations]"
Added Component: Designator=R7(AXIAL-0.3)
Add component (AddParameter): Name = "LatestRevisionDate"; Value = "17-Jul-2002"; VariantName = "[No Variations]"
Add component (AddParameter): Name = "LatestRevisionNote"; Value = "Re-released for DXP Platform."; VariantName = "[No Variations]"
Add component (AddParameter): Name = "PackageDescription"; Value = "Axial Device, Thru-Hole; 2 Leads; 0.3 in Pin Spacing"; VariantName = "[No Variations]"
Add component (AddParameter): Name = "PackageReference"; Value = "AXIAL-0.3"; VariantName = "[No Variations]"
Add component (AddParameter): Name = "Published"; Value = "8-Jun-2000"; VariantName = "[No Variations]"
Add component (AddParameter): Name = "Publisher"; Value = "Altium Limited"; VariantName = "[No Variations]"
Add component (AddParameter): Name = "Value"; Value = "1K"; VariantName = "[No Variations]"
Added Component: Designator=R8(AXIAL-0.3)
Add component (AddParameter): Name = "LatestRevisionDate"; Value = "17-Jul-2002"; VariantName = "[No Variations]"
Add component (AddParameter): Name = "LatestRevisionNote"; Value = "Re-released for DXP Platform."; VariantName = "[No Variations]"
Add component (AddParameter): Name = "PackageDescription"; Value = "Axial Device, Thru-Hole; 2 Leads; 0.3 in Pin Spacing"; VariantName = "[No Variations]"
Add component (AddParameter): Name = "PackageReference"; Value = "AXIAL-0.3"; VariantName = "[No Variations]"
Add component (AddParameter): Name = "Published"; Value = "8-Jun-2000"; VariantName = "[No Variations]"
Add component (AddParameter): Name = "Publisher"; Value = "Altium Limited"; VariantName = "[No Variations]"
Add component (AddParameter): Name = "Value"; Value = "1K"; VariantName = "[No Variations]"
Added Component: Designator=R9(AXIAL-0.3)
Add component (AddParameter): Name = "LatestRevisionDate"; Value = "17-Jul-2002"; VariantName = "[No Variations]"
Add component (AddParameter): Name = "LatestRevisionNote"; Value = "Re-released for DXP Platform."; VariantName = "[No Variations]"
Add component (AddParameter): Name = "PackageDescription"; Value = "Axial Device, Thru-Hole; 2 Leads; 0.3 in Pin Spacing"; VariantName = "[No Variations]"
Add component (AddParameter): Name = "PackageReference"; Value = "AXIAL-0.3"; VariantName = "[No Variations]"
Add component (AddParameter): Name = "Published"; Value = "8-Jun-2000"; VariantName = "[No Variations]"
Add component (AddParameter): Name = "Publisher"; Value = "Altium Limited"; VariantName = "[No Variations]"
Add component (AddParameter): Name = "Value"; Value = "1K"; VariantName = "[No Variations]"
Added Component: Designator=R10(AXIAL-0.3)
Add component (AddParameter): Name = "LatestRevisionDate"; Value = "17-Jul-2002"; VariantName = "[No Variations]"
Add component (AddParameter): Name = "LatestRevisionNote"; Value = "Re-released for DXP Platform."; VariantName = "[No Variations]"
Add component (AddParameter): Name = "PackageDescription"; Value = "Axial Device, Thru-Hole; 2 Leads; 0.3 in Pin Spacing"; VariantName = "[No Variations]"
Add component (AddParameter): Name = "PackageReference"; Value = "AXIAL-0.3"; VariantName = "[No Variations]"
Add component (AddParameter): Name = "Published"; Value = "8-Jun-2000"; VariantName = "[No Variations]"
Add component (AddParameter): Name = "Publisher"; Value = "Altium Limited"; VariantName = "[No Variations]"
Add component (AddParameter): Name = "Value"; Value = "1K"; VariantName = "[No Variations]"
Added Component: Designator=R11(AXIAL-0.3)
Add component (AddParameter): Name = "LatestRevisionDate"; Value = "17-Jul-2002"; VariantName = "[No Variations]"
Add component (AddParameter): Name = "LatestRevisionNote"; Value = "Re-released for DXP Platform."; VariantName = "[No Variations]"
Add component (AddParameter): Name = "PackageDescription"; Value = "Axial Device, Thru-Hole; 2 Leads; 0.3 in Pin Spacing"; VariantName = "[No Variations]"
Add component (AddParameter): Name = "PackageReference"; Value = "AXIAL-0.3"; VariantName = "[No Variations]"
Add component (AddParameter): Name = "Published"; Value = "8-Jun-2000"; VariantName = "[No Variations]"
Add component (AddParameter): Name = "Publisher"; Value = "Altium Limited"; VariantName = "[No Variations]"
Add component (AddParameter): Name = "Value"; Value = "1K"; VariantName = "[No Variations]"
Added Component: Designator=S1(452403012014)
Add component (AddParameter): Name = "Arrow Part Number"; Value = ""; VariantName = "[No Variations]"
Add component (AddParameter): Name = "Arrow Price/Stock"; Value = ""; VariantName = "[No Variations]"
Add component (AddParameter): Name = "Datasheet Link"; Value = "https://katalog.we-online.de/em/datasheet/452403012014.pdf"; VariantName = "[No Variations]"
Add component (AddParameter): Name = "Height"; Value = "3.3mm"; VariantName = "[No Variations]"
Add component (AddParameter): Name = "Manufacturer_Name"; Value = "Wurth Elektronik"; VariantName = "[No Variations]"
Add component (AddParameter): Name = "Manufacturer_Part_Number"; Value = "452403012014"; VariantName = "[No Variations]"
Add component (AddParameter): Name = "Mouser Part Number"; Value = "710-452403012014"; VariantName = "[No Variations]"
Add component (AddParameter): Name = "Mouser Price/Stock"; Value = "https://www.mouser.co.uk/ProductDetail/Wurth-Elektronik/452403012014?qs=DvsTirrhYfOi0QxHyAEO3w%3D%3D"; VariantName = "[No Variations]"
Added Component: Designator=S2(CS412YA)
Add component (AddParameter): Name = "Arrow Part Number"; Value = ""; VariantName = "[No Variations]"
Add component (AddParameter): Name = "Arrow Price/Stock"; Value = ""; VariantName = "[No Variations]"
Add component (AddParameter): Name = "Datasheet Link"; Value = "https://www.nidec-copal-electronics.com/j/product/detail/00000197/"; VariantName = "[No Variations]"
Add component (AddParameter): Name = "Height"; Value = "2.6mm"; VariantName = "[No Variations]"
Add component (AddParameter): Name = "Manufacturer_Name"; Value = "NIDEC COPAL"; VariantName = "[No Variations]"
Add component (AddParameter): Name = "Manufacturer_Part_Number"; Value = "CS-4-12YA"; VariantName = "[No Variations]"
Add component (AddParameter): Name = "Mouser Part Number"; Value = ""; VariantName = "[No Variations]"
Add component (AddParameter): Name = "Mouser Price/Stock"; Value = ""; VariantName = "[No Variations]"
Added Component: Designator=S3(CS412YA)
Add component (AddParameter): Name = "Arrow Part Number"; Value = ""; VariantName = "[No Variations]"
Add component (AddParameter): Name = "Arrow Price/Stock"; Value = ""; VariantName = "[No Variations]"
Add component (AddParameter): Name = "Datasheet Link"; Value = "https://www.nidec-copal-electronics.com/j/product/detail/00000197/"; VariantName = "[No Variations]"
Add component (AddParameter): Name = "Height"; Value = "2.6mm"; VariantName = "[No Variations]"
Add component (AddParameter): Name = "Manufacturer_Name"; Value = "NIDEC COPAL"; VariantName = "[No Variations]"
Add component (AddParameter): Name = "Manufacturer_Part_Number"; Value = "CS-4-12YA"; VariantName = "[No Variations]"
Add component (AddParameter): Name = "Mouser Part Number"; Value = ""; VariantName = "[No Variations]"
Add component (AddParameter): Name = "Mouser Price/Stock"; Value = ""; VariantName = "[No Variations]"
Added Component: Designator=S4(SOP254P1000X405-6N)
Add component (AddParameter): Name = "Arrow Part Number"; Value = ""; VariantName = "[No Variations]"
Add component (AddParameter): Name = "Arrow Price/Stock"; Value = ""; VariantName = "[No Variations]"
Add component (AddParameter): Name = "Datasheet Link"; Value = "https://www.nidec-copal-electronics.com/e/catalog/switch/cs-7.pdf"; VariantName = "[No Variations]"
Add component (AddParameter): Name = "Height"; Value = "4.05mm"; VariantName = "[No Variations]"
Add component (AddParameter): Name = "Manufacturer_Name"; Value = "Copal Electronics"; VariantName = "[No Variations]"
Add component (AddParameter): Name = "Manufacturer_Part_Number"; Value = "CS-7-14TB"; VariantName = "[No Variations]"
Add component (AddParameter): Name = "Mouser Part Number"; Value = ""; VariantName = "[No Variations]"
Add component (AddParameter): Name = "Mouser Price/Stock"; Value = ""; VariantName = "[No Variations]"
Added Pin To Net: NetName=+1.5V Pin=IC4-7
Added Pin To Net: NetName=+1.5V Pin=P12-0
Added Net: Name=+1.5V
Added Pin To Net: NetName=-1.5V Pin=IC4-5
Added Pin To Net: NetName=-1.5V Pin=P13-0
Added Net: Name=-1.5V
Added Pin To Net: NetName=1st Res (1) Pin=IC1-2
Added Pin To Net: NetName=1st Res (1) Pin=R4-2
Added Pin To Net: NetName=1st Res (1) Pin=S1-2
Added Net: Name=1st Res (1)
Added Pin To Net: NetName=1st Res (2) Pin=IC3-2
Added Pin To Net: NetName=1st Res (2) Pin=R6-2
Added Pin To Net: NetName=1st Res (2) Pin=S1-5
Added Net: Name=1st Res (2)
Added Pin To Net: NetName=2nd Res Pin=IC2-1
Added Pin To Net: NetName=2nd Res Pin=S2-3
Added Net: Name=2nd Res
Added Pin To Net: NetName=10 amp (1) Pin=R1-1
Added Pin To Net: NetName=10 amp (1) Pin=S1-1
Added Net: Name=10 amp (1)
Added Pin To Net: NetName=10 amp (2) Pin=R5-1
Added Pin To Net: NetName=10 amp (2) Pin=S1-4
Added Net: Name=10 amp (2)
Added Pin To Net: NetName=10 amp (2nd) Pin=R2-1
Added Pin To Net: NetName=10 amp (2nd) Pin=S2-1
Added Net: Name=10 amp (2nd)
Added Pin To Net: NetName=100 amp (2nd) Pin=R3-1
Added Pin To Net: NetName=100 amp (2nd) Pin=S2-2
Added Net: Name=100 amp (2nd)
Added Pin To Net: NetName=Amp Pin=R7-2
Added Pin To Net: NetName=Amp Pin=S3-1
Added Net: Name=Amp
Added Pin To Net: NetName=Buffer (1) Pin=IC1-6
Added Pin To Net: NetName=Buffer (1) Pin=IC2-2
Added Pin To Net: NetName=Buffer (1) Pin=R1-2
Added Pin To Net: NetName=Buffer (1) Pin=S1-3
Added Net: Name=Buffer (1)
Added Pin To Net: NetName=Buffer (2) Pin=IC2-3
Added Pin To Net: NetName=Buffer (2) Pin=IC3-6
Added Pin To Net: NetName=Buffer (2) Pin=R5-2
Added Pin To Net: NetName=Buffer (2) Pin=S1-6
Added Net: Name=Buffer (2)
Added Pin To Net: NetName=Buffer Pin=IC4-6
Added Pin To Net: NetName=Buffer Pin=P11-0
Added Pin To Net: NetName=Buffer Pin=R7-1
Added Pin To Net: NetName=Buffer Pin=S3-2
Added Net: Name=Buffer
Added Pin To Net: NetName=Com Pin=IC4-2
Added Pin To Net: NetName=Com Pin=S3-3
Added Net: Name=Com
Added Pin To Net: NetName=GND Pin=IC2-5
Added Pin To Net: NetName=GND Pin=P6-0
Added Pin To Net: NetName=GND Pin=P7-0
Added Pin To Net: NetName=GND Pin=P9-0
Added Pin To Net: NetName=GND Pin=P14-0
Added Pin To Net: NetName=GND Pin=R4-1
Added Pin To Net: NetName=GND Pin=R6-1
Added Pin To Net: NetName=GND Pin=S4-2
Added Pin To Net: NetName=GND Pin=S4-5
Added Net: Name=GND
Added Pin To Net: NetName=NetIC2_8 Pin=IC2-8
Added Pin To Net: NetName=NetIC2_8 Pin=R2-2
Added Pin To Net: NetName=NetIC2_8 Pin=R3-2
Added Net: Name=NetIC2_8
Added Pin To Net: NetName=NetIC4_3 Pin=IC4-3
Added Pin To Net: NetName=NetIC4_3 Pin=P10-0
Added Pin To Net: NetName=NetIC4_3 Pin=R8-2
Added Pin To Net: NetName=NetIC4_3 Pin=R9-2
Added Pin To Net: NetName=NetIC4_3 Pin=R10-2
Added Pin To Net: NetName=NetIC4_3 Pin=R11-2
Added Net: Name=NetIC4_3
Added Pin To Net: NetName=NetR8_1 Pin=R8-1
Added Pin To Net: NetName=NetR8_1 Pin=S4-3
Added Net: Name=NetR8_1
Added Pin To Net: NetName=NetR9_1 Pin=R9-1
Added Pin To Net: NetName=NetR9_1 Pin=S4-1
Added Net: Name=NetR9_1
Added Pin To Net: NetName=NetR10_1 Pin=R10-1
Added Pin To Net: NetName=NetR10_1 Pin=S4-6
Added Net: Name=NetR10_1
Added Pin To Net: NetName=NetR11_1 Pin=R11-1
Added Pin To Net: NetName=NetR11_1 Pin=S4-4
Added Net: Name=NetR11_1
Added Pin To Net: NetName=Vin1 Pin=IC1-3
Added Pin To Net: NetName=Vin1 Pin=P1-0
Added Net: Name=Vin1
Added Pin To Net: NetName=Vin2 Pin=IC3-3
Added Pin To Net: NetName=Vin2 Pin=P5-0
Added Net: Name=Vin2
Added Pin To Net: NetName=Vout Pin=IC2-6
Added Pin To Net: NetName=Vout Pin=P2-0
Added Net: Name=Vout
Added Pin To Net: NetName=Vs+ Pin=IC1-7
Added Pin To Net: NetName=Vs+ Pin=IC2-7
Added Pin To Net: NetName=Vs+ Pin=IC3-7
Added Pin To Net: NetName=Vs+ Pin=P8-0
Added Net: Name=Vs+
Added Pin To Net: NetName=Vs- Pin=IC1-4
Added Pin To Net: NetName=Vs- Pin=IC2-4
Added Pin To Net: NetName=Vs- Pin=IC3-4
Added Pin To Net: NetName=Vs- Pin=P3-0
Added Pin To Net: NetName=Vs- Pin=P4-0
Added Net: Name=Vs-
Added Member To Class: ClassName=ECG circuit Member=Component IC1 AD8065ARZ
Added Member To Class: ClassName=ECG circuit Member=Component IC2 LT1920IS8#PBF
Added Member To Class: ClassName=ECG circuit Member=Component IC3 AD8065ARZ
Added Member To Class: ClassName=LTC6268_circuit Member=Component IC4 LTC6268IS8-10#PBF
Added Member To Class: ClassName=ECG circuit Member=Component P1 Pad
Added Member To Class: ClassName=ECG circuit Member=Component P2 Pad
Added Member To Class: ClassName=ECG circuit Member=Component P3 Pad
Added Member To Class: ClassName=ECG circuit Member=Component P4 Pad
Added Member To Class: ClassName=ECG circuit Member=Component P5 Pad
Added Member To Class: ClassName=ECG circuit Member=Component P6 Pad
Added Member To Class: ClassName=ECG circuit Member=Component P7 Pad
Added Member To Class: ClassName=ECG circuit Member=Component P8 Pad
Added Member To Class: ClassName=ECG circuit Member=Component P9 Pad
Added Member To Class: ClassName=LTC6268_circuit Member=Component P10 Pad
Added Member To Class: ClassName=LTC6268_circuit Member=Component P11 Pad
Added Member To Class: ClassName=LTC6268_circuit Member=Component P12 Pad
Added Member To Class: ClassName=LTC6268_circuit Member=Component P13 Pad
Added Member To Class: ClassName=LTC6268_circuit Member=Component P14 Pad
Added Member To Class: ClassName=ECG circuit Member=Component R1 CRF0805-FZ-R002ELF
Added Member To Class: ClassName=ECG circuit Member=Component R2 CRF0805-FZ-R002ELF
Added Member To Class: ClassName=ECG circuit Member=Component R3 CRF0805-FZ-R002ELF
Added Member To Class: ClassName=ECG circuit Member=Component R4 CRF0805-FZ-R002ELF
Added Member To Class: ClassName=ECG circuit Member=Component R5 CRF0805-FZ-R002ELF
Added Member To Class: ClassName=ECG circuit Member=Component R6 CRF0805-FZ-R002ELF
Added Member To Class: ClassName=LTC6268_circuit Member=Component R7 Res1
Added Member To Class: ClassName=LTC6268_circuit Member=Component R8 Res1
Added Member To Class: ClassName=LTC6268_circuit Member=Component R9 Res1
Added Member To Class: ClassName=LTC6268_circuit Member=Component R10 Res1
Added Member To Class: ClassName=LTC6268_circuit Member=Component R11 Res1
Added Member To Class: ClassName=ECG circuit Member=Component S1 452403012014
Added Member To Class: ClassName=ECG circuit Member=Component S2 CS-4-12YA
Added Member To Class: ClassName=LTC6268_circuit Member=Component S3 CS-4-12YA
Added Member To Class: ClassName=LTC6268_circuit Member=Component S4 CS-7-14TB
Added Room: Name=ECG circuit
Added Room: Name=LTC6268_circuit
